This is pdfTeX, Version 3.14159265-2.6-1.40.17 (TeX Live 2016) (preloaded format=pdflatex 2017.3.30)  11 DEC 2020 12:04
entering extended mode
 restricted \write18 enabled.
 %&-line parsing enabled.
**refman
(./refman.tex
LaTeX2e <2016/03/31>
Babel <3.9r> and hyphenation patterns for 83 language(s) loaded.

(/usr/local/texlive/2016/texmf-dist/tex/latex/base/book.cls
Document Class: book 2014/09/29 v1.4h Standard LaTeX document class
(/usr/local/texlive/2016/texmf-dist/tex/latex/base/bk10.clo
File: bk10.clo 2014/09/29 v1.4h Standard LaTeX file (size option)
)
\c@part=\count79
\c@chapter=\count80
\c@section=\count81
\c@subsection=\count82
\c@subsubsection=\count83
\c@paragraph=\count84
\c@subparagraph=\count85
\c@figure=\count86
\c@table=\count87
\abovecaptionskip=\skip41
\belowcaptionskip=\skip42
\bibindent=\dimen102
) (/usr/local/texlive/2016/texmf-dist/tex/latex/base/ifthen.sty
Package: ifthen 2014/09/29 v1.1c Standard LaTeX ifthen package (DPC)
) (/usr/local/texlive/2016/texmf-dist/tex/latex/tools/array.sty
Package: array 2014/10/28 v2.4c Tabular extension package (FMi)
\col@sep=\dimen103
\extrarowheight=\dimen104
\NC@list=\toks14
\extratabsurround=\skip43
\backup@length=\skip44
) (/usr/local/texlive/2016/texmf-dist/tex/latex/base/fixltx2e.sty
Package: fixltx2e 2015/06/22 v2.0b fixes to LaTeX (obsolete)

Package fixltx2e Warning: fixltx2e is not required with releases after 2015
(fixltx2e)                All fixes are now in the LaTeX kernel.
(fixltx2e)                See the latexrelease package for details.

) (/usr/local/texlive/2016/texmf-dist/tex/latex/tools/calc.sty
Package: calc 2014/10/28 v4.3 Infix arithmetic (KKT,FJ)
\calc@Acount=\count88
\calc@Bcount=\count89
\calc@Adimen=\dimen105
\calc@Bdimen=\dimen106
\calc@Askip=\skip45
\calc@Bskip=\skip46
LaTeX Info: Redefining \setlength on input line 80.
LaTeX Info: Redefining \addtolength on input line 81.
\calc@Ccount=\count90
\calc@Cskip=\skip47
) (./doxygen.sty
Package: doxygen 
(/usr/local/texlive/2016/texmf-dist/tex/latex/base/alltt.sty
Package: alltt 1997/06/16 v2.0g defines alltt environment
) (/usr/local/texlive/2016/texmf-dist/tex/latex/float/float.sty
Package: float 2001/11/08 v1.3d Float enhancements (AL)
\c@float@type=\count91
\float@exts=\toks15
\float@box=\box26
\@float@everytoks=\toks16
\@floatcapt=\box27
) (/usr/local/texlive/2016/texmf-dist/tex/latex/tools/verbatim.sty
Package: verbatim 2014/10/28 v1.5q LaTeX2e package for verbatim enhancements
\every@verbatim=\toks17
\verbatim@line=\toks18
\verbatim@in@stream=\read1
) (/usr/local/texlive/2016/texmf-dist/tex/latex/xcolor/xcolor.sty
Package: xcolor 2016/05/11 v2.12 LaTeX color extensions (UK)
(/usr/local/texlive/2016/texmf-dist/tex/latex/graphics-cfg/color.cfg
File: color.cfg 2016/01/02 v1.6 sample color configuration
)
Package xcolor Info: Driver file: pdftex.def on input line 225.
(/usr/local/texlive/2016/texmf-dist/tex/latex/pdftex-def/pdftex.def
File: pdftex.def 2011/05/27 v0.06d Graphics/color for pdfTeX
(/usr/local/texlive/2016/texmf-dist/tex/generic/oberdiek/infwarerr.sty
Package: infwarerr 2016/05/16 v1.4 Providing info/warning/error messages (HO)
) (/usr/local/texlive/2016/texmf-dist/tex/generic/oberdiek/ltxcmds.sty
Package: ltxcmds 2016/05/16 v1.23 LaTeX kernel commands for general use (HO)
)
\Gread@gobject=\count92
) (/usr/local/texlive/2016/texmf-dist/tex/latex/colortbl/colortbl.sty
Package: colortbl 2012/02/13 v1.0a Color table columns (DPC)
\everycr=\toks19
\minrowclearance=\skip48
)
\rownum=\count93
Package xcolor Info: Model `cmy' substituted by `cmy0' on input line 1348.
Package xcolor Info: Model `hsb' substituted by `rgb' on input line 1352.
Package xcolor Info: Model `RGB' extended on input line 1364.
Package xcolor Info: Model `HTML' substituted by `rgb' on input line 1366.
Package xcolor Info: Model `Hsb' substituted by `hsb' on input line 1367.
Package xcolor Info: Model `tHsb' substituted by `hsb' on input line 1368.
Package xcolor Info: Model `HSB' substituted by `hsb' on input line 1369.
Package xcolor Info: Model `Gray' substituted by `gray' on input line 1370.
Package xcolor Info: Model `wave' substituted by `hsb' on input line 1371.
) (./longtable_doxygen.sty
Package: longtable_doxygen 2014/10/28 v4.11 Multi-page Table package (DPC) - fr
ozen version for doxygen
\LTleft=\skip49
\LTright=\skip50
\LTpre=\skip51
\LTpost=\skip52
\LTchunksize=\count94
\LTcapwidth=\dimen107
\LT@head=\box28
\LT@firsthead=\box29
\LT@foot=\box30
\LT@lastfoot=\box31
\LT@cols=\count95
\LT@rows=\count96
\c@LT@tables=\count97
\c@LT@chunks=\count98
\LT@p@ftn=\toks20
) (./tabu_doxygen.sty
Package: tabu_doxygen 2011/02/26 v2.8 - flexible LaTeX tabulars (FC), frozen ve
rsion for doxygen
(/usr/local/texlive/2016/texmf-dist/tex/latex/varwidth/varwidth.sty
Package: varwidth 2009/03/30 ver 0.92;  Variable-width minipages
\@vwid@box=\box32
\sift@deathcycles=\count99
\@vwid@loff=\dimen108
\@vwid@roff=\dimen109
)
\c@taburow=\count100
\tabu@nbcols=\count101
\tabu@cnt=\count102
\tabu@Xcol=\count103
\tabu@alloc=\count104
\tabu@nested=\count105
\tabu@target=\dimen110
\tabu@spreadtarget=\dimen111
\tabu@naturalX=\dimen112
\tabucolX=\dimen113
\tabu@Xsum=\dimen114
\extrarowdepth=\dimen115
\abovetabulinesep=\dimen116
\belowtabulinesep=\dimen117
\tabustrutrule=\dimen118
\tabu@thebody=\toks21
\tabu@footnotes=\toks22
\tabu@box=\box33
\tabu@arstrutbox=\box34
\tabu@hleads=\box35
\tabu@vleads=\box36
\tabu@cellskip=\skip53
) (/usr/local/texlive/2016/texmf-dist/tex/latex/fancyvrb/fancyvrb.sty
Package: fancyvrb 2008/02/07

Style option: `fancyvrb' v2.7a, with DG/SPQR fixes, and firstline=lastline fix 
<2008/02/07> (tvz) (/usr/local/texlive/2016/texmf-dist/tex/latex/graphics/keyva
l.sty
Package: keyval 2014/10/28 v1.15 key=value parser (DPC)
\KV@toks@=\toks23
)
\FV@CodeLineNo=\count106
\FV@InFile=\read2
\FV@TabBox=\box37
\c@FancyVerbLine=\count107
\FV@StepNumber=\count108
\FV@OutFile=\write3
) (/usr/local/texlive/2016/texmf-dist/tex/latex/tools/tabularx.sty
Package: tabularx 2016/02/03 v2.11 `tabularx' package (DPC)
\TX@col@width=\dimen119
\TX@old@table=\dimen120
\TX@old@col=\dimen121
\TX@target=\dimen122
\TX@delta=\dimen123
\TX@cols=\count109
\TX@ftn=\toks24
) (/usr/local/texlive/2016/texmf-dist/tex/latex/multirow/multirow.sty
\bigstrutjot=\dimen124
) (/usr/local/texlive/2016/texmf-dist/tex/latex/hanging/hanging.sty
Package: hanging 2009/09/02 v1.2b hanging paragraphs and punctuation
\h@ngcommawd=\skip54
\h@ngfstopwd=\skip55
\h@ngquotewd=\skip56
\h@ngdquotewd=\skip57
\h@ngquerywd=\skip58
\h@ngexclwd=\skip59
\h@ngcolonwd=\skip60
\h@ngscolonwd=\skip61
) (/usr/local/texlive/2016/texmf-dist/tex/generic/oberdiek/ifpdf.sty
Package: ifpdf 2016/05/14 v3.1 Provides the ifpdf switch
) (/usr/local/texlive/2016/texmf-dist/tex/latex/adjustbox/adjustbox.sty
Package: adjustbox 2012/05/21 v1.0 Adjusting TeX boxes (trim, clip, ...)
(/usr/local/texlive/2016/texmf-dist/tex/latex/xkeyval/xkeyval.sty
Package: xkeyval 2014/12/03 v2.7a package option processing (HA)
(/usr/local/texlive/2016/texmf-dist/tex/generic/xkeyval/xkeyval.tex (/usr/local
/texlive/2016/texmf-dist/tex/generic/xkeyval/xkvutils.tex
\XKV@toks=\toks25
\XKV@tempa@toks=\toks26
)
\XKV@depth=\count110
File: xkeyval.tex 2014/12/03 v2.7a key=value parser (HA)
)) (/usr/local/texlive/2016/texmf-dist/tex/latex/adjustbox/adjcalc.sty
Package: adjcalc 2012/05/16 v1.1 Provides advanced setlength with multiple back
-ends (calc, etex, pgfmath)
) (/usr/local/texlive/2016/texmf-dist/tex/latex/adjustbox/trimclip.sty
Package: trimclip 2012/05/16 v1.0 Trim and clip general TeX material
(/usr/local/texlive/2016/texmf-dist/tex/latex/graphics/graphicx.sty
Package: graphicx 2014/10/28 v1.0g Enhanced LaTeX Graphics (DPC,SPQR)
(/usr/local/texlive/2016/texmf-dist/tex/latex/graphics/graphics.sty
Package: graphics 2016/05/09 v1.0r Standard LaTeX Graphics (DPC,SPQR)
(/usr/local/texlive/2016/texmf-dist/tex/latex/graphics/trig.sty
Package: trig 2016/01/03 v1.10 sin cos tan (DPC)
) (/usr/local/texlive/2016/texmf-dist/tex/latex/graphics-cfg/graphics.cfg
File: graphics.cfg 2016/01/02 v1.10 sample graphics configuration
)
Package graphics Info: Driver file: pdftex.def on input line 96.
)
\Gin@req@height=\dimen125
\Gin@req@width=\dimen126
) (/usr/local/texlive/2016/texmf-dist/tex/latex/collectbox/collectbox.sty
Package: collectbox 2012/05/17 v0.4b Collect macro arguments as boxes
\collectedbox=\box38
)
\tc@llx=\dimen127
\tc@lly=\dimen128
\tc@urx=\dimen129
\tc@ury=\dimen130
Package trimclip Info: Using driver 'tc-pdftex.def'.
(/usr/local/texlive/2016/texmf-dist/tex/latex/adjustbox/tc-pdftex.def
File: tc-pdftex.def 2012/05/13 v1.0 Clipping driver for pdftex
))
\adjbox@Width=\dimen131
\adjbox@Height=\dimen132
\adjbox@Depth=\dimen133
\adjbox@Totalheight=\dimen134
(/usr/local/texlive/2016/texmf-dist/tex/latex/ifoddpage/ifoddpage.sty
Package: ifoddpage 2016/04/23 v1.1 Conditionals for odd/even page detection
\c@checkoddpage=\count111
)) (/usr/local/texlive/2016/texmf-dist/tex/latex/amsfonts/amssymb.sty
Package: amssymb 2013/01/14 v3.01 AMS font symbols
(/usr/local/texlive/2016/texmf-dist/tex/latex/amsfonts/amsfonts.sty
Package: amsfonts 2013/01/14 v3.01 Basic AMSFonts support
\@emptytoks=\toks27
\symAMSa=\mathgroup4
\symAMSb=\mathgroup5
LaTeX Font Info:    Overwriting math alphabet `\mathfrak' in version `bold'
(Font)                  U/euf/m/n --> U/euf/b/n on input line 106.
)) (/usr/local/texlive/2016/texmf-dist/tex/latex/stackengine/stackengine.sty
Package: stackengine 2014/01/06 v3.24\ Stacking text and objects in convenient 
ways
(/usr/local/texlive/2016/texmf-dist/tex/latex/etoolbox/etoolbox.sty
Package: etoolbox 2015/08/02 v2.2a e-TeX tools for LaTeX (JAW)
\etb@tempcnta=\count112
)
\c@@stackindex=\count113
\@boxshift=\skip62
\stack@tmplength=\skip63
\temp@stkl=\skip64
\@stackedboxwidth=\skip65
\@addedbox=\box39
\@anchorbox=\box40
\stackedbox=\box41
\@centerbox=\box42
\c@ROWcellindex@=\count114
) (/usr/local/texlive/2016/texmf-dist/tex/generic/ulem/ulem.sty
\UL@box=\box43
\UL@hyphenbox=\box44
\UL@skip=\skip66
\UL@hook=\toks28
\UL@height=\dimen135
\UL@pe=\count115
\UL@pixel=\dimen136
\ULC@box=\box45
Package: ulem 2012/05/18
\ULdepth=\dimen137
)
\xrefbox=\box46
\xreflength=\skip67
\CodeWidthChar=\skip68
\CodeHeightChar=\skip69
\DoxyCodeWidth=\skip70
) (/usr/local/texlive/2016/texmf-dist/tex/latex/base/inputenc.sty
Package: inputenc 2015/03/17 v1.2c Input encoding file
\inpenc@prehook=\toks29
\inpenc@posthook=\toks30
(/usr/local/texlive/2016/texmf-dist/tex/latex/base/utf8.def
File: utf8.def 2016/02/28 v1.1s UTF-8 support for inputenc
Now handling font encoding OML ...
... no UTF-8 mapping file for font encoding OML
Now handling font encoding T1 ...
... processing UTF-8 mapping file for font encoding T1
(/usr/local/texlive/2016/texmf-dist/tex/latex/base/t1enc.dfu
File: t1enc.dfu 2016/02/28 v1.1s UTF-8 support for inputenc
   defining Unicode char U+00A0 (decimal 160)
   defining Unicode char U+00A1 (decimal 161)
   defining Unicode char U+00A3 (decimal 163)
   defining Unicode char U+00AB (decimal 171)
   defining Unicode char U+00AD (decimal 173)
   defining Unicode char U+00BB (decimal 187)
   defining Unicode char U+00BF (decimal 191)
   defining Unicode char U+00C0 (decimal 192)
   defining Unicode char U+00C1 (decimal 193)
   defining Unicode char U+00C2 (decimal 194)
   defining Unicode char U+00C3 (decimal 195)
   defining Unicode char U+00C4 (decimal 196)
   defining Unicode char U+00C5 (decimal 197)
   defining Unicode char U+00C6 (decimal 198)
   defining Unicode char U+00C7 (decimal 199)
   defining Unicode char U+00C8 (decimal 200)
   defining Unicode char U+00C9 (decimal 201)
   defining Unicode char U+00CA (decimal 202)
   defining Unicode char U+00CB (decimal 203)
   defining Unicode char U+00CC (decimal 204)
   defining Unicode char U+00CD (decimal 205)
   defining Unicode char U+00CE (decimal 206)
   defining Unicode char U+00CF (decimal 207)
   defining Unicode char U+00D0 (decimal 208)
   defining Unicode char U+00D1 (decimal 209)
   defining Unicode char U+00D2 (decimal 210)
   defining Unicode char U+00D3 (decimal 211)
   defining Unicode char U+00D4 (decimal 212)
   defining Unicode char U+00D5 (decimal 213)
   defining Unicode char U+00D6 (decimal 214)
   defining Unicode char U+00D8 (decimal 216)
   defining Unicode char U+00D9 (decimal 217)
   defining Unicode char U+00DA (decimal 218)
   defining Unicode char U+00DB (decimal 219)
   defining Unicode char U+00DC (decimal 220)
   defining Unicode char U+00DD (decimal 221)
   defining Unicode char U+00DE (decimal 222)
   defining Unicode char U+00DF (decimal 223)
   defining Unicode char U+00E0 (decimal 224)
   defining Unicode char U+00E1 (decimal 225)
   defining Unicode char U+00E2 (decimal 226)
   defining Unicode char U+00E3 (decimal 227)
   defining Unicode char U+00E4 (decimal 228)
   defining Unicode char U+00E5 (decimal 229)
   defining Unicode char U+00E6 (decimal 230)
   defining Unicode char U+00E7 (decimal 231)
   defining Unicode char U+00E8 (decimal 232)
   defining Unicode char U+00E9 (decimal 233)
   defining Unicode char U+00EA (decimal 234)
   defining Unicode char U+00EB (decimal 235)
   defining Unicode char U+00EC (decimal 236)
   defining Unicode char U+00ED (decimal 237)
   defining Unicode char U+00EE (decimal 238)
   defining Unicode char U+00EF (decimal 239)
   defining Unicode char U+00F0 (decimal 240)
   defining Unicode char U+00F1 (decimal 241)
   defining Unicode char U+00F2 (decimal 242)
   defining Unicode char U+00F3 (decimal 243)
   defining Unicode char U+00F4 (decimal 244)
   defining Unicode char U+00F5 (decimal 245)
   defining Unicode char U+00F6 (decimal 246)
   defining Unicode char U+00F8 (decimal 248)
   defining Unicode char U+00F9 (decimal 249)
   defining Unicode char U+00FA (decimal 250)
   defining Unicode char U+00FB (decimal 251)
   defining Unicode char U+00FC (decimal 252)
   defining Unicode char U+00FD (decimal 253)
   defining Unicode char U+00FE (decimal 254)
   defining Unicode char U+00FF (decimal 255)
   defining Unicode char U+0100 (decimal 256)
   defining Unicode char U+0101 (decimal 257)
   defining Unicode char U+0102 (decimal 258)
   defining Unicode char U+0103 (decimal 259)
   defining Unicode char U+0104 (decimal 260)
   defining Unicode char U+0105 (decimal 261)
   defining Unicode char U+0106 (decimal 262)
   defining Unicode char U+0107 (decimal 263)
   defining Unicode char U+0108 (decimal 264)
   defining Unicode char U+0109 (decimal 265)
   defining Unicode char U+010A (decimal 266)
   defining Unicode char U+010B (decimal 267)
   defining Unicode char U+010C (decimal 268)
   defining Unicode char U+010D (decimal 269)
   defining Unicode char U+010E (decimal 270)
   defining Unicode char U+010F (decimal 271)
   defining Unicode char U+0110 (decimal 272)
   defining Unicode char U+0111 (decimal 273)
   defining Unicode char U+0112 (decimal 274)
   defining Unicode char U+0113 (decimal 275)
   defining Unicode char U+0114 (decimal 276)
   defining Unicode char U+0115 (decimal 277)
   defining Unicode char U+0116 (decimal 278)
   defining Unicode char U+0117 (decimal 279)
   defining Unicode char U+0118 (decimal 280)
   defining Unicode char U+0119 (decimal 281)
   defining Unicode char U+011A (decimal 282)
   defining Unicode char U+011B (decimal 283)
   defining Unicode char U+011C (decimal 284)
   defining Unicode char U+011D (decimal 285)
   defining Unicode char U+011E (decimal 286)
   defining Unicode char U+011F (decimal 287)
   defining Unicode char U+0120 (decimal 288)
   defining Unicode char U+0121 (decimal 289)
   defining Unicode char U+0122 (decimal 290)
   defining Unicode char U+0123 (decimal 291)
   defining Unicode char U+0124 (decimal 292)
   defining Unicode char U+0125 (decimal 293)
   defining Unicode char U+0128 (decimal 296)
   defining Unicode char U+0129 (decimal 297)
   defining Unicode char U+012A (decimal 298)
   defining Unicode char U+012B (decimal 299)
   defining Unicode char U+012C (decimal 300)
   defining Unicode char U+012D (decimal 301)
   defining Unicode char U+012E (decimal 302)
   defining Unicode char U+012F (decimal 303)
   defining Unicode char U+0130 (decimal 304)
   defining Unicode char U+0131 (decimal 305)
   defining Unicode char U+0132 (decimal 306)
   defining Unicode char U+0133 (decimal 307)
   defining Unicode char U+0134 (decimal 308)
   defining Unicode char U+0135 (decimal 309)
   defining Unicode char U+0136 (decimal 310)
   defining Unicode char U+0137 (decimal 311)
   defining Unicode char U+0139 (decimal 313)
   defining Unicode char U+013A (decimal 314)
   defining Unicode char U+013B (decimal 315)
   defining Unicode char U+013C (decimal 316)
   defining Unicode char U+013D (decimal 317)
   defining Unicode char U+013E (decimal 318)
   defining Unicode char U+0141 (decimal 321)
   defining Unicode char U+0142 (decimal 322)
   defining Unicode char U+0143 (decimal 323)
   defining Unicode char U+0144 (decimal 324)
   defining Unicode char U+0145 (decimal 325)
   defining Unicode char U+0146 (decimal 326)
   defining Unicode char U+0147 (decimal 327)
   defining Unicode char U+0148 (decimal 328)
   defining Unicode char U+014A (decimal 330)
   defining Unicode char U+014B (decimal 331)
   defining Unicode char U+014C (decimal 332)
   defining Unicode char U+014D (decimal 333)
   defining Unicode char U+014E (decimal 334)
   defining Unicode char U+014F (decimal 335)
   defining Unicode char U+0150 (decimal 336)
   defining Unicode char U+0151 (decimal 337)
   defining Unicode char U+0152 (decimal 338)
   defining Unicode char U+0153 (decimal 339)
   defining Unicode char U+0154 (decimal 340)
   defining Unicode char U+0155 (decimal 341)
   defining Unicode char U+0156 (decimal 342)
   defining Unicode char U+0157 (decimal 343)
   defining Unicode char U+0158 (decimal 344)
   defining Unicode char U+0159 (decimal 345)
   defining Unicode char U+015A (decimal 346)
   defining Unicode char U+015B (decimal 347)
   defining Unicode char U+015C (decimal 348)
   defining Unicode char U+015D (decimal 349)
   defining Unicode char U+015E (decimal 350)
   defining Unicode char U+015F (decimal 351)
   defining Unicode char U+0160 (decimal 352)
   defining Unicode char U+0161 (decimal 353)
   defining Unicode char U+0162 (decimal 354)
   defining Unicode char U+0163 (decimal 355)
   defining Unicode char U+0164 (decimal 356)
   defining Unicode char U+0165 (decimal 357)
   defining Unicode char U+0168 (decimal 360)
   defining Unicode char U+0169 (decimal 361)
   defining Unicode char U+016A (decimal 362)
   defining Unicode char U+016B (decimal 363)
   defining Unicode char U+016C (decimal 364)
   defining Unicode char U+016D (decimal 365)
   defining Unicode char U+016E (decimal 366)
   defining Unicode char U+016F (decimal 367)
   defining Unicode char U+0170 (decimal 368)
   defining Unicode char U+0171 (decimal 369)
   defining Unicode char U+0172 (decimal 370)
   defining Unicode char U+0173 (decimal 371)
   defining Unicode char U+0174 (decimal 372)
   defining Unicode char U+0175 (decimal 373)
   defining Unicode char U+0176 (decimal 374)
   defining Unicode char U+0177 (decimal 375)
   defining Unicode char U+0178 (decimal 376)
   defining Unicode char U+0179 (decimal 377)
   defining Unicode char U+017A (decimal 378)
   defining Unicode char U+017B (decimal 379)
   defining Unicode char U+017C (decimal 380)
   defining Unicode char U+017D (decimal 381)
   defining Unicode char U+017E (decimal 382)
   defining Unicode char U+01CD (decimal 461)
   defining Unicode char U+01CE (decimal 462)
   defining Unicode char U+01CF (decimal 463)
   defining Unicode char U+01D0 (decimal 464)
   defining Unicode char U+01D1 (decimal 465)
   defining Unicode char U+01D2 (decimal 466)
   defining Unicode char U+01D3 (decimal 467)
   defining Unicode char U+01D4 (decimal 468)
   defining Unicode char U+01E2 (decimal 482)
   defining Unicode char U+01E3 (decimal 483)
   defining Unicode char U+01E6 (decimal 486)
   defining Unicode char U+01E7 (decimal 487)
   defining Unicode char U+01E8 (decimal 488)
   defining Unicode char U+01E9 (decimal 489)
   defining Unicode char U+01EA (decimal 490)
   defining Unicode char U+01EB (decimal 491)
   defining Unicode char U+01F0 (decimal 496)
   defining Unicode char U+01F4 (decimal 500)
   defining Unicode char U+01F5 (decimal 501)
   defining Unicode char U+0218 (decimal 536)
   defining Unicode char U+0219 (decimal 537)
   defining Unicode char U+021A (decimal 538)
   defining Unicode char U+021B (decimal 539)
   defining Unicode char U+1E02 (decimal 7682)
   defining Unicode char U+1E03 (decimal 7683)
   defining Unicode char U+200C (decimal 8204)
   defining Unicode char U+2010 (decimal 8208)
   defining Unicode char U+2011 (decimal 8209)
   defining Unicode char U+2012 (decimal 8210)
   defining Unicode char U+2013 (decimal 8211)
   defining Unicode char U+2014 (decimal 8212)
   defining Unicode char U+2015 (decimal 8213)
   defining Unicode char U+2018 (decimal 8216)
   defining Unicode char U+2019 (decimal 8217)
   defining Unicode char U+201A (decimal 8218)
   defining Unicode char U+201C (decimal 8220)
   defining Unicode char U+201D (decimal 8221)
   defining Unicode char U+201E (decimal 8222)
   defining Unicode char U+2030 (decimal 8240)
   defining Unicode char U+2031 (decimal 8241)
   defining Unicode char U+2039 (decimal 8249)
   defining Unicode char U+203A (decimal 8250)
   defining Unicode char U+2423 (decimal 9251)
)
Now handling font encoding OT1 ...
... processing UTF-8 mapping file for font encoding OT1
(/usr/local/texlive/2016/texmf-dist/tex/latex/base/ot1enc.dfu
File: ot1enc.dfu 2016/02/28 v1.1s UTF-8 support for inputenc
   defining Unicode char U+00A0 (decimal 160)
   defining Unicode char U+00A1 (decimal 161)
   defining Unicode char U+00A3 (decimal 163)
   defining Unicode char U+00AD (decimal 173)
   defining Unicode char U+00B8 (decimal 184)
   defining Unicode char U+00BF (decimal 191)
   defining Unicode char U+00C5 (decimal 197)
   defining Unicode char U+00C6 (decimal 198)
   defining Unicode char U+00D8 (decimal 216)
   defining Unicode char U+00DF (decimal 223)
   defining Unicode char U+00E6 (decimal 230)
   defining Unicode char U+00EC (decimal 236)
   defining Unicode char U+00ED (decimal 237)
   defining Unicode char U+00EE (decimal 238)
   defining Unicode char U+00EF (decimal 239)
   defining Unicode char U+00F8 (decimal 248)
   defining Unicode char U+0131 (decimal 305)
   defining Unicode char U+0141 (decimal 321)
   defining Unicode char U+0142 (decimal 322)
   defining Unicode char U+0152 (decimal 338)
   defining Unicode char U+0153 (decimal 339)
   defining Unicode char U+0174 (decimal 372)
   defining Unicode char U+0175 (decimal 373)
   defining Unicode char U+0176 (decimal 374)
   defining Unicode char U+0177 (decimal 375)
   defining Unicode char U+0218 (decimal 536)
   defining Unicode char U+0219 (decimal 537)
   defining Unicode char U+021A (decimal 538)
   defining Unicode char U+021B (decimal 539)
   defining Unicode char U+2013 (decimal 8211)
   defining Unicode char U+2014 (decimal 8212)
   defining Unicode char U+2018 (decimal 8216)
   defining Unicode char U+2019 (decimal 8217)
   defining Unicode char U+201C (decimal 8220)
   defining Unicode char U+201D (decimal 8221)
)
Now handling font encoding OMS ...
... processing UTF-8 mapping file for font encoding OMS
(/usr/local/texlive/2016/texmf-dist/tex/latex/base/omsenc.dfu
File: omsenc.dfu 2016/02/28 v1.1s UTF-8 support for inputenc
   defining Unicode char U+00A7 (decimal 167)
   defining Unicode char U+00B6 (decimal 182)
   defining Unicode char U+00B7 (decimal 183)
   defining Unicode char U+2020 (decimal 8224)
   defining Unicode char U+2021 (decimal 8225)
   defining Unicode char U+2022 (decimal 8226)
)
Now handling font encoding OMX ...
... no UTF-8 mapping file for font encoding OMX
Now handling font encoding U ...
... no UTF-8 mapping file for font encoding U
   defining Unicode char U+00A9 (decimal 169)
   defining Unicode char U+00AA (decimal 170)
   defining Unicode char U+00AE (decimal 174)
   defining Unicode char U+00BA (decimal 186)
   defining Unicode char U+02C6 (decimal 710)
   defining Unicode char U+02DC (decimal 732)
   defining Unicode char U+200C (decimal 8204)
   defining Unicode char U+2026 (decimal 8230)
   defining Unicode char U+2122 (decimal 8482)
   defining Unicode char U+2423 (decimal 9251)
)) (/usr/local/texlive/2016/texmf-dist/tex/latex/base/makeidx.sty
Package: makeidx 2014/09/29 v1.0m Standard LaTeX package
) (/usr/local/texlive/2016/texmf-dist/tex/latex/tools/multicol.sty
Package: multicol 2016/04/07 v1.8p multicolumn formatting (FMi)
\c@tracingmulticols=\count116
\mult@box=\box47
\multicol@leftmargin=\dimen138
\c@unbalance=\count117
\c@collectmore=\count118
\doublecol@number=\count119
\multicoltolerance=\count120
\multicolpretolerance=\count121
\full@width=\dimen139
\page@free=\dimen140
\premulticols=\dimen141
\postmulticols=\dimen142
\multicolsep=\skip71
\multicolbaselineskip=\skip72
\partial@page=\box48
\last@line=\box49
\maxbalancingoverflow=\dimen143
\mult@rightbox=\box50
\mult@grightbox=\box51
\mult@gfirstbox=\box52
\mult@firstbox=\box53
\@tempa=\box54
\@tempa=\box55
\@tempa=\box56
\@tempa=\box57
\@tempa=\box58
\@tempa=\box59
\@tempa=\box60
\@tempa=\box61
\@tempa=\box62
\@tempa=\box63
\@tempa=\box64
\@tempa=\box65
\@tempa=\box66
\@tempa=\box67
\@tempa=\box68
\@tempa=\box69
\@tempa=\box70
\c@columnbadness=\count122
\c@finalcolumnbadness=\count123
\last@try=\dimen144
\multicolovershoot=\dimen145
\multicolundershoot=\dimen146
\mult@nat@firstbox=\box71
\colbreak@box=\box72
\mc@col@check@num=\count124
) (/usr/local/texlive/2016/texmf-dist/tex/latex/base/textcomp.sty
Package: textcomp 2005/09/27 v1.99g Standard LaTeX package
Package textcomp Info: Sub-encoding information:
(textcomp)               5 = only ISO-Adobe without \textcurrency
(textcomp)               4 = 5 + \texteuro
(textcomp)               3 = 4 + \textohm
(textcomp)               2 = 3 + \textestimated + \textcurrency
(textcomp)               1 = TS1 - \textcircled - \t
(textcomp)               0 = TS1 (full)
(textcomp)             Font families with sub-encoding setting implement
(textcomp)             only a restricted character set as indicated.
(textcomp)             Family '?' is the default used for unknown fonts.
(textcomp)             See the documentation for details.
Package textcomp Info: Setting ? sub-encoding to TS1/1 on input line 79.
(/usr/local/texlive/2016/texmf-dist/tex/latex/base/ts1enc.def
File: ts1enc.def 2001/06/05 v3.0e (jk/car/fm) Standard LaTeX file
Now handling font encoding TS1 ...
... processing UTF-8 mapping file for font encoding TS1
(/usr/local/texlive/2016/texmf-dist/tex/latex/base/ts1enc.dfu
File: ts1enc.dfu 2016/02/28 v1.1s UTF-8 support for inputenc
   defining Unicode char U+00A2 (decimal 162)
   defining Unicode char U+00A3 (decimal 163)
   defining Unicode char U+00A4 (decimal 164)
   defining Unicode char U+00A5 (decimal 165)
   defining Unicode char U+00A6 (decimal 166)
   defining Unicode char U+00A7 (decimal 167)
   defining Unicode char U+00A8 (decimal 168)
   defining Unicode char U+00A9 (decimal 169)
   defining Unicode char U+00AA (decimal 170)
   defining Unicode char U+00AC (decimal 172)
   defining Unicode char U+00AE (decimal 174)
   defining Unicode char U+00AF (decimal 175)
   defining Unicode char U+00B0 (decimal 176)
   defining Unicode char U+00B1 (decimal 177)
   defining Unicode char U+00B2 (decimal 178)
   defining Unicode char U+00B3 (decimal 179)
   defining Unicode char U+00B4 (decimal 180)
   defining Unicode char U+00B5 (decimal 181)
   defining Unicode char U+00B6 (decimal 182)
   defining Unicode char U+00B7 (decimal 183)
   defining Unicode char U+00B9 (decimal 185)
   defining Unicode char U+00BA (decimal 186)
   defining Unicode char U+00BC (decimal 188)
   defining Unicode char U+00BD (decimal 189)
   defining Unicode char U+00BE (decimal 190)
   defining Unicode char U+00D7 (decimal 215)
   defining Unicode char U+00F7 (decimal 247)
   defining Unicode char U+0192 (decimal 402)
   defining Unicode char U+02C7 (decimal 711)
   defining Unicode char U+02D8 (decimal 728)
   defining Unicode char U+02DD (decimal 733)
   defining Unicode char U+0E3F (decimal 3647)
   defining Unicode char U+2016 (decimal 8214)
   defining Unicode char U+2020 (decimal 8224)
   defining Unicode char U+2021 (decimal 8225)
   defining Unicode char U+2022 (decimal 8226)
   defining Unicode char U+2030 (decimal 8240)
   defining Unicode char U+2031 (decimal 8241)
   defining Unicode char U+203B (decimal 8251)
   defining Unicode char U+203D (decimal 8253)
   defining Unicode char U+2044 (decimal 8260)
   defining Unicode char U+204E (decimal 8270)
   defining Unicode char U+2052 (decimal 8274)
   defining Unicode char U+20A1 (decimal 8353)
   defining Unicode char U+20A4 (decimal 8356)
   defining Unicode char U+20A6 (decimal 8358)
   defining Unicode char U+20A9 (decimal 8361)
   defining Unicode char U+20AB (decimal 8363)
   defining Unicode char U+20AC (decimal 8364)
   defining Unicode char U+20B1 (decimal 8369)
   defining Unicode char U+2103 (decimal 8451)
   defining Unicode char U+2116 (decimal 8470)
   defining Unicode char U+2117 (decimal 8471)
   defining Unicode char U+211E (decimal 8478)
   defining Unicode char U+2120 (decimal 8480)
   defining Unicode char U+2122 (decimal 8482)
   defining Unicode char U+2126 (decimal 8486)
   defining Unicode char U+2127 (decimal 8487)
   defining Unicode char U+212E (decimal 8494)
   defining Unicode char U+2190 (decimal 8592)
   defining Unicode char U+2191 (decimal 8593)
   defining Unicode char U+2192 (decimal 8594)
   defining Unicode char U+2193 (decimal 8595)
   defining Unicode char U+2329 (decimal 9001)
   defining Unicode char U+232A (decimal 9002)
   defining Unicode char U+2422 (decimal 9250)
   defining Unicode char U+25E6 (decimal 9702)
   defining Unicode char U+25EF (decimal 9711)
   defining Unicode char U+266A (decimal 9834)
))
LaTeX Info: Redefining \oldstylenums on input line 334.
Package textcomp Info: Setting cmr sub-encoding to TS1/0 on input line 349.
Package textcomp Info: Setting cmss sub-encoding to TS1/0 on input line 350.
Package textcomp Info: Setting cmtt sub-encoding to TS1/0 on input line 351.
Package textcomp Info: Setting cmvtt sub-encoding to TS1/0 on input line 352.
Package textcomp Info: Setting cmbr sub-encoding to TS1/0 on input line 353.
Package textcomp Info: Setting cmtl sub-encoding to TS1/0 on input line 354.
Package textcomp Info: Setting ccr sub-encoding to TS1/0 on input line 355.
Package textcomp Info: Setting ptm sub-encoding to TS1/4 on input line 356.
Package textcomp Info: Setting pcr sub-encoding to TS1/4 on input line 357.
Package textcomp Info: Setting phv sub-encoding to TS1/4 on input line 358.
Package textcomp Info: Setting ppl sub-encoding to TS1/3 on input line 359.
Package textcomp Info: Setting pag sub-encoding to TS1/4 on input line 360.
Package textcomp Info: Setting pbk sub-encoding to TS1/4 on input line 361.
Package textcomp Info: Setting pnc sub-encoding to TS1/4 on input line 362.
Package textcomp Info: Setting pzc sub-encoding to TS1/4 on input line 363.
Package textcomp Info: Setting bch sub-encoding to TS1/4 on input line 364.
Package textcomp Info: Setting put sub-encoding to TS1/5 on input line 365.
Package textcomp Info: Setting uag sub-encoding to TS1/5 on input line 366.
Package textcomp Info: Setting ugq sub-encoding to TS1/5 on input line 367.
Package textcomp Info: Setting ul8 sub-encoding to TS1/4 on input line 368.
Package textcomp Info: Setting ul9 sub-encoding to TS1/4 on input line 369.
Package textcomp Info: Setting augie sub-encoding to TS1/5 on input line 370.
Package textcomp Info: Setting dayrom sub-encoding to TS1/3 on input line 371.
Package textcomp Info: Setting dayroms sub-encoding to TS1/3 on input line 372.

Package textcomp Info: Setting pxr sub-encoding to TS1/0 on input line 373.
Package textcomp Info: Setting pxss sub-encoding to TS1/0 on input line 374.
Package textcomp Info: Setting pxtt sub-encoding to TS1/0 on input line 375.
Package textcomp Info: Setting txr sub-encoding to TS1/0 on input line 376.
Package textcomp Info: Setting txss sub-encoding to TS1/0 on input line 377.
Package textcomp Info: Setting txtt sub-encoding to TS1/0 on input line 378.
Package textcomp Info: Setting lmr sub-encoding to TS1/0 on input line 379.
Package textcomp Info: Setting lmdh sub-encoding to TS1/0 on input line 380.
Package textcomp Info: Setting lmss sub-encoding to TS1/0 on input line 381.
Package textcomp Info: Setting lmssq sub-encoding to TS1/0 on input line 382.
Package textcomp Info: Setting lmvtt sub-encoding to TS1/0 on input line 383.
Package textcomp Info: Setting lmtt sub-encoding to TS1/0 on input line 384.
Package textcomp Info: Setting qhv sub-encoding to TS1/0 on input line 385.
Package textcomp Info: Setting qag sub-encoding to TS1/0 on input line 386.
Package textcomp Info: Setting qbk sub-encoding to TS1/0 on input line 387.
Package textcomp Info: Setting qcr sub-encoding to TS1/0 on input line 388.
Package textcomp Info: Setting qcs sub-encoding to TS1/0 on input line 389.
Package textcomp Info: Setting qpl sub-encoding to TS1/0 on input line 390.
Package textcomp Info: Setting qtm sub-encoding to TS1/0 on input line 391.
Package textcomp Info: Setting qzc sub-encoding to TS1/0 on input line 392.
Package textcomp Info: Setting qhvc sub-encoding to TS1/0 on input line 393.
Package textcomp Info: Setting futs sub-encoding to TS1/4 on input line 394.
Package textcomp Info: Setting futx sub-encoding to TS1/4 on input line 395.
Package textcomp Info: Setting futj sub-encoding to TS1/4 on input line 396.
Package textcomp Info: Setting hlh sub-encoding to TS1/3 on input line 397.
Package textcomp Info: Setting hls sub-encoding to TS1/3 on input line 398.
Package textcomp Info: Setting hlst sub-encoding to TS1/3 on input line 399.
Package textcomp Info: Setting hlct sub-encoding to TS1/5 on input line 400.
Package textcomp Info: Setting hlx sub-encoding to TS1/5 on input line 401.
Package textcomp Info: Setting hlce sub-encoding to TS1/5 on input line 402.
Package textcomp Info: Setting hlcn sub-encoding to TS1/5 on input line 403.
Package textcomp Info: Setting hlcw sub-encoding to TS1/5 on input line 404.
Package textcomp Info: Setting hlcf sub-encoding to TS1/5 on input line 405.
Package textcomp Info: Setting pplx sub-encoding to TS1/3 on input line 406.
Package textcomp Info: Setting pplj sub-encoding to TS1/3 on input line 407.
Package textcomp Info: Setting ptmx sub-encoding to TS1/4 on input line 408.
Package textcomp Info: Setting ptmj sub-encoding to TS1/4 on input line 409.
) (/usr/local/texlive/2016/texmf-dist/tex/latex/wasysym/wasysym.sty
Package: wasysym 2003/10/30 v2.0 Wasy-2 symbol support package
\symwasy=\mathgroup6
LaTeX Font Info:    Overwriting symbol font `wasy' in version `bold'
(Font)                  U/wasy/m/n --> U/wasy/b/n on input line 90.
) (/usr/local/texlive/2016/texmf-dist/tex/generic/ifxetex/ifxetex.sty
Package: ifxetex 2010/09/12 v0.6 Provides ifxetex conditional
) (/usr/local/texlive/2016/texmf-dist/tex/latex/base/fontenc.sty
Package: fontenc 2005/09/27 v1.99g Standard LaTeX package
(/usr/local/texlive/2016/texmf-dist/tex/latex/base/t1enc.def
File: t1enc.def 2005/09/27 v1.99g Standard LaTeX file
LaTeX Font Info:    Redeclaring font encoding T1 on input line 48.
)) (/usr/local/texlive/2016/texmf-dist/tex/latex/psnfss/helvet.sty
Package: helvet 2005/04/12 PSNFSS-v9.2a (WaS) 
) (/usr/local/texlive/2016/texmf-dist/tex/latex/psnfss/courier.sty
Package: courier 2005/04/12 PSNFSS-v9.2a (WaS) 
) (/usr/local/texlive/2016/texmf-dist/tex/latex/sectsty/sectsty.sty
Package: sectsty 2002/02/25 v2.0.2 Commands to change all sectional heading sty
les
) (/usr/local/texlive/2016/texmf-dist/tex/latex/geometry/geometry.sty
Package: geometry 2010/09/12 v5.6 Page Geometry
(/usr/local/texlive/2016/texmf-dist/tex/generic/oberdiek/ifvtex.sty
Package: ifvtex 2016/05/16 v1.6 Detect VTeX and its facilities (HO)
Package ifvtex Info: VTeX not detected.
)
\Gm@cnth=\count125
\Gm@cntv=\count126
\c@Gm@tempcnt=\count127
\Gm@bindingoffset=\dimen147
\Gm@wd@mp=\dimen148
\Gm@odd@mp=\dimen149
\Gm@even@mp=\dimen150
\Gm@layoutwidth=\dimen151
\Gm@layoutheight=\dimen152
\Gm@layouthoffset=\dimen153
\Gm@layoutvoffset=\dimen154
\Gm@dimlist=\toks31
) (/usr/local/texlive/2016/texmf-dist/tex/latex/fancyhdr/fancyhdr.sty
\fancy@headwidth=\skip73
\f@ncyO@elh=\skip74
\f@ncyO@erh=\skip75
\f@ncyO@olh=\skip76
\f@ncyO@orh=\skip77
\f@ncyO@elf=\skip78
\f@ncyO@erf=\skip79
\f@ncyO@olf=\skip80
\f@ncyO@orf=\skip81
) (/usr/local/texlive/2016/texmf-dist/tex/latex/natbib/natbib.sty
Package: natbib 2010/09/13 8.31b (PWD, AO)
\bibhang=\skip82
\bibsep=\skip83
LaTeX Info: Redefining \cite on input line 694.
\c@NAT@ctr=\count128
) (/usr/local/texlive/2016/texmf-dist/tex/latex/tocloft/tocloft.sty
Package: tocloft 2013/05/02 v2.3f parameterised ToC, etc., typesetting
Package tocloft Info: The document has chapter divisions on input line 44.
\cftparskip=\skip84
\cftbeforetoctitleskip=\skip85
\cftaftertoctitleskip=\skip86
\cftbeforepartskip=\skip87
\cftpartnumwidth=\skip88
\cftpartindent=\skip89
\cftbeforechapskip=\skip90
\cftchapindent=\skip91
\cftchapnumwidth=\skip92
\cftbeforesecskip=\skip93
\cftsecindent=\skip94
\cftsecnumwidth=\skip95
\cftbeforesubsecskip=\skip96
\cftsubsecindent=\skip97
\cftsubsecnumwidth=\skip98
\cftbeforesubsubsecskip=\skip99
\cftsubsubsecindent=\skip100
\cftsubsubsecnumwidth=\skip101
\cftbeforeparaskip=\skip102
\cftparaindent=\skip103
\cftparanumwidth=\skip104
\cftbeforesubparaskip=\skip105
\cftsubparaindent=\skip106
\cftsubparanumwidth=\skip107
\cftbeforeloftitleskip=\skip108
\cftafterloftitleskip=\skip109
\cftbeforefigskip=\skip110
\cftfigindent=\skip111
\cftfignumwidth=\skip112
\c@lofdepth=\count129
\c@lotdepth=\count130
\cftbeforelottitleskip=\skip113
\cftafterlottitleskip=\skip114
\cftbeforetabskip=\skip115
\cfttabindent=\skip116
\cfttabnumwidth=\skip117
)
\@indexfile=\write4
\openout4 = `refman.idx'.

Writing index file refman.idx

(/usr/local/texlive/2016/texmf-dist/tex/latex/newunicodechar/newunicodechar.sty
Package: newunicodechar 2012/11/12 v1.1 Defining Unicode characters
)

Package newunicodechar Warning: Redefining Unicode character on input line 117.



Package newunicodechar Warning: Redefining Unicode character on input line 118.


(/usr/local/texlive/2016/texmf-dist/tex/latex/hyperref/hyperref.sty
Package: hyperref 2016/05/05 v6.83n Hypertext links for LaTeX
(/usr/local/texlive/2016/texmf-dist/tex/generic/oberdiek/hobsub-hyperref.sty
Package: hobsub-hyperref 2016/05/16 v1.14 Bundle oberdiek, subset hyperref (HO)

(/usr/local/texlive/2016/texmf-dist/tex/generic/oberdiek/hobsub-generic.sty
Package: hobsub-generic 2016/05/16 v1.14 Bundle oberdiek, subset generic (HO)
Package: hobsub 2016/05/16 v1.14 Construct package bundles (HO)
Package hobsub Info: Skipping package `infwarerr' (already loaded).
Package hobsub Info: Skipping package `ltxcmds' (already loaded).
Package: ifluatex 2016/05/16 v1.4 Provides the ifluatex switch (HO)
Package ifluatex Info: LuaTeX not detected.
Package hobsub Info: Skipping package `ifvtex' (already loaded).
Package: intcalc 2016/05/16 v1.2 Expandable calculations with integers (HO)
Package hobsub Info: Skipping package `ifpdf' (already loaded).
Package: etexcmds 2016/05/16 v1.6 Avoid name clashes with e-TeX commands (HO)
Package etexcmds Info: Could not find \expanded.
(etexcmds)             That can mean that you are not using pdfTeX 1.50 or
(etexcmds)             that some package has redefined \expanded.
(etexcmds)             In the latter case, load this package earlier.
Package: kvsetkeys 2016/05/16 v1.17 Key value parser (HO)
Package: kvdefinekeys 2016/05/16 v1.4 Define keys (HO)
Package: pdftexcmds 2016/05/10 v0.21 Utility functions of pdfTeX for LuaTeX (HO
)
Package pdftexcmds Info: LuaTeX not detected.
Package pdftexcmds Info: \pdf@primitive is available.
Package pdftexcmds Info: \pdf@ifprimitive is available.
Package pdftexcmds Info: \pdfdraftmode found.
Package: pdfescape 2016/05/16 v1.14 Implements pdfTeX's escape features (HO)
Package: bigintcalc 2016/05/16 v1.4 Expandable calculations on big integers (HO
)
Package: bitset 2016/05/16 v1.2 Handle bit-vector datatype (HO)
Package: uniquecounter 2016/05/16 v1.3 Provide unlimited unique counter (HO)
)
Package hobsub Info: Skipping package `hobsub' (already loaded).
Package: letltxmacro 2016/05/16 v1.5 Let assignment for LaTeX macros (HO)
Package: hopatch 2016/05/16 v1.3 Wrapper for package hooks (HO)
Package: xcolor-patch 2016/05/16 xcolor patch
Package: atveryend 2016/05/16 v1.9 Hooks at the very end of document (HO)
Package: atbegshi 2016/05/16 v1.17 At begin shipout hook (HO)
Package: refcount 2016/05/16 v3.5 Data extraction from label references (HO)
Package: hycolor 2016/05/16 v1.8 Color options for hyperref/bookmark (HO)
) (/usr/local/texlive/2016/texmf-dist/tex/latex/oberdiek/auxhook.sty
Package: auxhook 2016/05/16 v1.4 Hooks for auxiliary files (HO)
) (/usr/local/texlive/2016/texmf-dist/tex/latex/oberdiek/kvoptions.sty
Package: kvoptions 2016/05/16 v3.12 Key value format for package options (HO)
)
\@linkdim=\dimen155
\Hy@linkcounter=\count131
\Hy@pagecounter=\count132
(/usr/local/texlive/2016/texmf-dist/tex/latex/hyperref/pd1enc.def
File: pd1enc.def 2016/05/05 v6.83n Hyperref: PDFDocEncoding definition (HO)
Now handling font encoding PD1 ...
... no UTF-8 mapping file for font encoding PD1
)
\Hy@SavedSpaceFactor=\count133
(/usr/local/texlive/2016/texmf-dist/tex/latex/latexconfig/hyperref.cfg
File: hyperref.cfg 2002/06/06 v1.2 hyperref configuration of TeXLive
)
Package hyperref Info: Hyper figures OFF on input line 4446.
Package hyperref Info: Link nesting OFF on input line 4451.
Package hyperref Info: Hyper index ON on input line 4454.
Package hyperref Info: Plain pages OFF on input line 4461.
Package hyperref Info: Backreferencing ON on input line 4464.
Package hyperref Info: Implicit mode ON; LaTeX internals redefined.
Package hyperref Info: Bookmarks ON on input line 4691.
(/usr/local/texlive/2016/texmf-dist/tex/latex/hyperref/backref.sty
Package: backref 2012/07/25 v1.38 Bibliographical back referencing
(/usr/local/texlive/2016/texmf-dist/tex/latex/oberdiek/rerunfilecheck.sty
Package: rerunfilecheck 2016/05/16 v1.8 Rerun checks for auxiliary files (HO)
Package uniquecounter Info: New unique counter `rerunfilecheck' on input line 2
82.
))
\c@Hy@tempcnt=\count134
(/usr/local/texlive/2016/texmf-dist/tex/latex/url/url.sty
\Urlmuskip=\muskip10
Package: url 2013/09/16  ver 3.4  Verb mode for urls, etc.
)
LaTeX Info: Redefining \url on input line 5044.
\XeTeXLinkMargin=\dimen156
\Fld@menulength=\count135
\Field@Width=\dimen157
\Fld@charsize=\dimen158
Package hyperref Info: Hyper figures OFF on input line 6298.
Package hyperref Info: Link nesting OFF on input line 6303.
Package hyperref Info: Hyper index ON on input line 6306.
Package hyperref Info: backreferencing ON on input line 6311.
Package hyperref Info: Link coloring OFF on input line 6318.
Package hyperref Info: Link coloring with OCG OFF on input line 6323.
Package hyperref Info: PDF/A mode OFF on input line 6328.
LaTeX Info: Redefining \ref on input line 6368.
LaTeX Info: Redefining \pageref on input line 6372.
\Hy@abspage=\count136
\c@Item=\count137
\c@Hfootnote=\count138
)

Package hyperref Message: Driver: hpdftex.

(/usr/local/texlive/2016/texmf-dist/tex/latex/hyperref/hpdftex.def
File: hpdftex.def 2016/05/05 v6.83n Hyperref driver for pdfTeX
\Fld@listcount=\count139
\c@bookmark@seq@number=\count140
\Hy@SectionHShift=\skip118
)
Package hyperref Info: Option `colorlinks' set `true' on input line 136.
Package hyperref Info: Option `unicode' set `true' on input line 136.
(/usr/local/texlive/2016/texmf-dist/tex/latex/hyperref/puenc.def
File: puenc.def 2016/05/05 v6.83n Hyperref: PDF Unicode definition (HO)
Now handling font encoding PU ...
... no UTF-8 mapping file for font encoding PU
) (/usr/local/texlive/2016/texmf-dist/tex/latex/caption/caption.sty
Package: caption 2016/02/21 v3.3-144 Customizing captions (AR)
(/usr/local/texlive/2016/texmf-dist/tex/latex/caption/caption3.sty
Package: caption3 2016/02/04 v1.7-139 caption3 kernel (AR)
Package caption3 Info: TeX engine: e-TeX on input line 67.
\captionmargin=\dimen159
\captionmargin@=\dimen160
\captionwidth=\dimen161
\caption@tempdima=\dimen162
\caption@indent=\dimen163
\caption@parindent=\dimen164
\caption@hangindent=\dimen165
)
\c@ContinuedFloat=\count141
Package caption Info: float package is loaded.
Package caption Info: hyperref package is loaded.
Package caption Info: longtable package is loaded.
(/usr/local/texlive/2016/texmf-dist/tex/latex/caption/ltcaption.sty
Package: ltcaption 2013/06/09 v1.4-94 longtable captions (AR)
)) (/usr/local/texlive/2016/texmf-dist/tex/latex/etoc/etoc.sty
Package: etoc 2015/08/29 v1.08g Completely customisable TOCs (jfB)
\Etoc@toctoks=\toks32
\c@etoc@tocid=\count142
\c@etoc@tocdepth=\count143
\etoc@framed@titlebox=\box73
\etoc@framed@contentsbox=\box74
)
No file refman.aux.
\openout1 = `refman.aux'.

LaTeX Font Info:    Checking defaults for OML/cmm/m/it on input line 151.
LaTeX Font Info:    ... okay on input line 151.
LaTeX Font Info:    Checking defaults for T1/cmr/m/n on input line 151.
LaTeX Font Info:    ... okay on input line 151.
LaTeX Font Info:    Checking defaults for OT1/cmr/m/n on input line 151.
LaTeX Font Info:    ... okay on input line 151.
LaTeX Font Info:    Checking defaults for OMS/cmsy/m/n on input line 151.
LaTeX Font Info:    ... okay on input line 151.
LaTeX Font Info:    Checking defaults for OMX/cmex/m/n on input line 151.
LaTeX Font Info:    ... okay on input line 151.
LaTeX Font Info:    Checking defaults for U/cmr/m/n on input line 151.
LaTeX Font Info:    ... okay on input line 151.
LaTeX Font Info:    Checking defaults for TS1/cmr/m/n on input line 151.
LaTeX Font Info:    Try loading font information for TS1+cmr on input line 151.

(/usr/local/texlive/2016/texmf-dist/tex/latex/base/ts1cmr.fd
File: ts1cmr.fd 2014/09/29 v2.5h Standard LaTeX font definitions
)
LaTeX Font Info:    ... okay on input line 151.
LaTeX Font Info:    Checking defaults for PD1/pdf/m/n on input line 151.
LaTeX Font Info:    ... okay on input line 151.
LaTeX Font Info:    Checking defaults for PU/pdf/m/n on input line 151.
LaTeX Font Info:    ... okay on input line 151.
LaTeX Font Info:    Try loading font information for T1+phv on input line 151.
(/usr/local/texlive/2016/texmf-dist/tex/latex/psnfss/t1phv.fd
File: t1phv.fd 2001/06/04 scalable font definitions for T1/phv.
)
LaTeX Font Info:    Font shape `T1/phv/m/n' will be
(Font)              scaled to size 8.99994pt on input line 151.
(/usr/local/texlive/2016/texmf-dist/tex/context/base/mkii/supp-pdf.mkii
[Loading MPS to PDF converter (version 2006.09.02).]
\scratchcounter=\count144
\scratchdimen=\dimen166
\scratchbox=\box75
\nofMPsegments=\count145
\nofMParguments=\count146
\everyMPshowfont=\toks33
\MPscratchCnt=\count147
\MPscratchDim=\dimen167
\MPnumerator=\count148
\makeMPintoPDFobject=\count149
\everyMPtoPDFconversion=\toks34
) (/usr/local/texlive/2016/texmf-dist/tex/latex/oberdiek/epstopdf-base.sty
Package: epstopdf-base 2016/05/15 v2.6 Base part for package epstopdf
(/usr/local/texlive/2016/texmf-dist/tex/latex/oberdiek/grfext.sty
Package: grfext 2016/05/16 v1.2 Manage graphics extensions (HO)
)
Package grfext Info: Graphics extension search list:
(grfext)             [.png,.pdf,.jpg,.mps,.jpeg,.jbig2,.jb2,.PNG,.PDF,.JPG,.JPE
G,.JBIG2,.JB2,.eps]
(grfext)             \AppendGraphicsExtensions on input line 456.
(/usr/local/texlive/2016/texmf-dist/tex/latex/latexconfig/epstopdf-sys.cfg
File: epstopdf-sys.cfg 2010/07/13 v1.3 Configuration of (r)epstopdf for TeX Liv
e
))
*geometry* driver: auto-detecting
*geometry* detected driver: pdftex
*geometry* verbose mode - [ preamble ] result:
* driver: pdftex
* paper: a4paper
* layout: <same size as paper>
* layoutoffset:(h,v)=(0.0pt,0.0pt)
* modes: twoside 
* h-part:(L,W,R)=(71.13188pt, 455.24411pt, 71.13188pt)
* v-part:(T,H,B)=(71.13188pt, 702.78308pt, 71.13188pt)
* \paperwidth=597.50787pt
* \paperheight=845.04684pt
* \textwidth=455.24411pt
* \textheight=702.78308pt
* \oddsidemargin=-1.1381pt
* \evensidemargin=-1.1381pt
* \topmargin=-31.2056pt
* \headheight=12.0pt
* \headsep=18.06749pt
* \topskip=10.0pt
* \footskip=25.29494pt
* \marginparwidth=125.0pt
* \marginparsep=7.0pt
* \columnsep=10.0pt
* \skip\footins=9.0pt plus 4.0pt minus 2.0pt
* \hoffset=0.0pt
* \voffset=0.0pt
* \mag=1000
* \@twocolumnfalse
* \@twosidetrue
* \@mparswitchtrue
* \@reversemarginfalse
* (1in=72.27pt=25.4mm, 1cm=28.453pt)

\AtBeginShipoutBox=\box76
Package backref Info: ** backref set up for natbib ** on input line 151.
Package hyperref Info: Link coloring ON on input line 151.
(/usr/local/texlive/2016/texmf-dist/tex/latex/hyperref/nameref.sty
Package: nameref 2012/10/27 v2.43 Cross-referencing by name of section
(/usr/local/texlive/2016/texmf-dist/tex/generic/oberdiek/gettitlestring.sty
Package: gettitlestring 2016/05/16 v1.5 Cleanup title references (HO)
)
\c@section@level=\count150
)
LaTeX Info: Redefining \ref on input line 151.
LaTeX Info: Redefining \pageref on input line 151.
LaTeX Info: Redefining \nameref on input line 151.
\@outlinefile=\write5
\openout5 = `refman.out'.

Package caption Info: Begin \AtBeginDocument code.
Package caption Info: End \AtBeginDocument code.
No file refman.toc.
Package hyperref Info: Option `pageanchor' set `false' on input line 157.
Package hyperref Info: Option `bookmarksnumbered' set `true' on input line 157.

Package hyperref Info: Option `unicode' set `true' on input line 157.
LaTeX Font Info:    Font shape `T1/phv/m/n' will be
(Font)              scaled to size 12.9599pt on input line 162.
LaTeX Font Info:    Font shape `T1/phv/m/n' will be
(Font)              scaled to size 10.79993pt on input line 164.
[1


{/usr/local/texlive/2016/texmf-var/fonts/map/pdftex/updmap/pdftex.map}] [2

]
\tf@toc=\write6
\openout6 = `refman.toc'.

Package hyperref Info: Option `pageanchor' set `true' on input line 172.
Chapter 1.
LaTeX Font Info:    Font shape `T1/phv/m/n' will be
(Font)              scaled to size 18.66588pt on input line 175.
LaTeX Font Info:    Font shape `T1/phv/bx/n' in size <20.74> not available
(Font)              Font shape `T1/phv/b/n' tried instead on input line 175.
LaTeX Font Info:    Font shape `T1/phv/b/n' will be
(Font)              scaled to size 18.66588pt on input line 175.
LaTeX Font Info:    Font shape `T1/phv/bc/n' will be
(Font)              scaled to size 18.66588pt on input line 175.
LaTeX Font Info:    Font shape `T1/phv/m/n' will be
(Font)              scaled to size 22.39185pt on input line 175.
LaTeX Font Info:    Font shape `T1/phv/bx/n' in size <24.88> not available
(Font)              Font shape `T1/phv/b/n' tried instead on input line 175.
LaTeX Font Info:    Font shape `T1/phv/b/n' will be
(Font)              scaled to size 22.39185pt on input line 175.
LaTeX Font Info:    Font shape `T1/phv/bc/n' will be
(Font)              scaled to size 22.39185pt on input line 175.
(./index.tex
LaTeX Font Info:    Try loading font information for T1+pcr on input line 3.
(/usr/local/texlive/2016/texmf-dist/tex/latex/psnfss/t1pcr.fd
File: t1pcr.fd 2001/06/04 font definitions for T1/pcr.
)
LaTeX Font Info:    Font shape `T1/phv/bx/n' in size <14.4> not available
(Font)              Font shape `T1/phv/b/n' tried instead on input line 3.
LaTeX Font Info:    Font shape `T1/phv/b/n' will be
(Font)              scaled to size 12.9599pt on input line 3.
LaTeX Font Info:    Font shape `T1/phv/bx/n' in size <10> not available
(Font)              Font shape `T1/phv/b/n' tried instead on input line 4.
LaTeX Font Info:    Font shape `T1/phv/b/n' will be
(Font)              scaled to size 8.99994pt on input line 4.
LaTeX Font Info:    Font shape `T1/phv/m/n' will be
(Font)              scaled to size 6.29996pt on input line 4.
LaTeX Font Info:    Try loading font information for U+msa on input line 4.
(/usr/local/texlive/2016/texmf-dist/tex/latex/amsfonts/umsa.fd
File: umsa.fd 2013/01/14 v3.01 AMS symbols A
)
LaTeX Font Info:    Try loading font information for U+msb on input line 4.
(/usr/local/texlive/2016/texmf-dist/tex/latex/amsfonts/umsb.fd
File: umsb.fd 2013/01/14 v3.01 AMS symbols B
)
LaTeX Font Info:    Try loading font information for U+wasy on input line 4.
(/usr/local/texlive/2016/texmf-dist/tex/latex/wasysym/uwasy.fd
File: uwasy.fd 2003/10/30 v2.0 Wasy-2 symbol font definitions
)
LaTeX Font Info:    Try loading font information for TS1+phv on input line 7.
(/usr/local/texlive/2016/texmf-dist/tex/latex/psnfss/ts1phv.fd
File: ts1phv.fd 2001/06/04 scalable font definitions for TS1/phv.
)
LaTeX Font Info:    Font shape `TS1/phv/m/n' will be
(Font)              scaled to size 8.99994pt on input line 7.
LaTeX Font Info:    Font shape `T1/pcr/bx/n' in size <10> not available
(Font)              Font shape `T1/pcr/b/n' tried instead on input line 7.
LaTeX Font Info:    Font shape `T1/phv/bx/n' in size <12> not available
(Font)              Font shape `T1/phv/b/n' tried instead on input line 12.
LaTeX Font Info:    Font shape `T1/phv/b/n' will be
(Font)              scaled to size 10.79993pt on input line 12.
LaTeX Font Info:    Font shape `T1/phv/bx/n' in size <7> not available
(Font)              Font shape `T1/phv/b/n' tried instead on input line 24.
LaTeX Font Info:    Font shape `T1/phv/b/n' will be
(Font)              scaled to size 6.29996pt on input line 24.
[1


]
LaTeX Font Info:    Font shape `T1/phv/m/it' in size <10> not available
(Font)              Font shape `T1/phv/m/sl' tried instead on input line 40.
LaTeX Font Info:    Font shape `T1/phv/m/sl' will be
(Font)              scaled to size 8.99994pt on input line 40.
LaTeX Font Info:    Font shape `T1/phv/m/it' in size <7> not available
(Font)              Font shape `T1/phv/m/sl' tried instead on input line 43.
LaTeX Font Info:    Font shape `T1/phv/m/sl' will be
(Font)              scaled to size 6.29996pt on input line 43.
) [2]
Chapter 2.
LaTeX Font Info:    Font shape `T1/phv/bc/n' will be
(Font)              scaled to size 6.29996pt on input line 177.
(./md_documents__c_make_introduction.tex
LaTeX Font Info:    Try loading font information for TS1+pcr on input line 14.
(/usr/local/texlive/2016/texmf-dist/tex/latex/psnfss/ts1pcr.fd
File: ts1pcr.fd 2001/06/04 font definitions for TS1/pcr.
) [3

] [4] [5] [6]
Overfull \hbox (48.75552pt too wide) in paragraph at lines 261--261
\T1/pcr/m/n/7 "$<$<BUILD_INTERFACE:$<COMPILE_LANGUAGE:CXX>>:-fopenmp>$<$<BUILD_
INTERFACE:$<COMPILE_LANGUAGE:CUDA>>:-Xcompiler=-fopenmp>"  
 []


Overfull \hbox (115.95547pt too wide) in paragraph at lines 274--274
\T1/pcr/m/n/7 "$<$<BUILD_INTERFACE:$<COMPILE_LANGUAGE:CXX>>:${old_flags}>$<$<BU
ILD_INTERFACE:$<COMPILE_LANGUAGE:CUDA>>:-Xcompiler=${CUDA_flags}>"  
 []

[7] [8] [9] [10] [11]) [12]
Chapter 3.
(./md_documents__markdown.tex
LaTeX Font Info:    Font shape `T1/phv/bx/it' in size <10> not available
(Font)              Font shape `T1/phv/b/it' tried instead on input line 12.
LaTeX Font Info:    Font shape `T1/phv/b/it' in size <10> not available
(Font)              Font shape `T1/phv/b/sl' tried instead on input line 12.
LaTeX Font Info:    Font shape `T1/phv/b/sl' will be
(Font)              scaled to size 8.99994pt on input line 12.

! Package inputenc Error: Unicode char  (U+22C5)
(inputenc)                not set up for use with LaTeX.

See the inputenc package documentation for explanation.
Type  H <return>  for immediate help.
 ...                                              
                                                  
l.32 ...will need to use two trailing spaces.\+
                                                   Note that this line is...

Your command was ignored.
Type  I <command> <return>  to replace it with another command,
or  <return>  to continue without it.


! Package inputenc Error: Unicode char  (U+22C5)
(inputenc)                not set up for use with LaTeX.

See the inputenc package documentation for explanation.
Type  H <return>  for immediate help.
 ...                                              
                                                  
l.32 ...l need to use two trailing spaces.\+
                                                   Note that this line is se...

Your command was ignored.
Type  I <command> <return>  to replace it with another command,
or  <return>  to continue without it.


! Package inputenc Error: Unicode char  (U+22C5)
(inputenc)                not set up for use with LaTeX.

See the inputenc package documentation for explanation.
Type  H <return>  for immediate help.
 ...                                              
                                                  
l.32 ...arate, but within the same paragraph.\+
                                                   (This is contrary to t...

Your command was ignored.
Type  I <command> <return>  to replace it with another command,
or  <return>  to continue without it.


! Package inputenc Error: Unicode char  (U+22C5)
(inputenc)                not set up for use with LaTeX.

See the inputenc package documentation for explanation.
Type  H <return>  for immediate help.
 ...                                              
                                                  
l.32 ...te, but within the same paragraph.\+
                                                   (This is contrary to the ...

Your command was ignored.
Type  I <command> <return>  to replace it with another command,
or  <return>  to continue without it.

[13

] [14] [15]) [16]
Chapter 4.
(./md_documents_structure.tex [17

]) [18]
Chapter 5.
(./md_documents__unit-_tests.tex) [19

] [20

]
Chapter 6.
(./bug.tex) [21] [22

]
Chapter 7.
(./todo.tex
Overfull \hbox (27.0pt too wide) in paragraph at lines 7--8
[]
 []

) [23] [24

]
Chapter 8.
(./test.tex) [25] [26

]
Chapter 9.
(./namespaces.tex

LaTeX Warning: Reference `namespaceconstants' on page 27 undefined on input lin
e 3.

) [27] [28

]
Chapter 10.
(./hierarchy.tex

LaTeX Warning: Reference `class_array' on page 29 undefined on input line 3.


LaTeX Warning: Reference `class_base' on page 29 undefined on input line 4.


LaTeX Warning: Reference `class_derived' on page 29 undefined on input line 6.


LaTeX Warning: Reference `class_concept_class' on page 29 undefined on input li
ne 8.


LaTeX Warning: Reference `class_array_exception' on page 29 undefined on input 
line 10.


LaTeX Warning: Reference `class_exceptions' on page 29 undefined on input line 
12.


LaTeX Warning: Reference `class_int_array' on page 29 undefined on input line 1
3.


LaTeX Warning: Reference `class_sample_class' on page 29 undefined on input lin
e 14.


LaTeX Warning: Reference `class_s_q_r_t' on page 29 undefined on input line 15.



LaTeX Warning: Reference `class_static_array' on page 29 undefined on input lin
e 16.


LaTeX Warning: Reference `class_timer' on page 29 undefined on input line 17.

) [29] [30

]
Chapter 11.
(./annotated.tex

LaTeX Warning: Reference `class_array' on page 31 undefined on input line 3.


LaTeX Warning: Reference `class_array_exception' on page 31 undefined on input 
line 4.


LaTeX Warning: Reference `class_base' on page 31 undefined on input line 5.


LaTeX Warning: Reference `class_concept_class' on page 31 undefined on input li
ne 6.


LaTeX Warning: Reference `class_derived' on page 31 undefined on input line 7.


LaTeX Warning: Reference `class_exceptions' on page 31 undefined on input line 
8.


LaTeX Warning: Reference `class_int_array' on page 31 undefined on input line 9
.


LaTeX Warning: Reference `class_sample_class' on page 31 undefined on input lin
e 10.


LaTeX Warning: Reference `class_s_q_r_t' on page 31 undefined on input line 11.



LaTeX Warning: Reference `class_static_array' on page 31 undefined on input lin
e 12.


LaTeX Warning: Reference `class_timer' on page 31 undefined on input line 13.

) [31] [32

]
Chapter 12.
(./files.tex

LaTeX Warning: Reference `_concept_class_8h' on page 33 undefined on input line
 3.


LaTeX Warning: Reference `_basics_8cpp' on page 33 undefined on input line 4.


LaTeX Warning: Reference `_bit_manipulation_8cpp' on page 33 undefined on input
 line 5.


LaTeX Warning: Reference `_command_line_arguments_8cpp' on page 33 undefined on
 input line 6.


LaTeX Warning: Reference `_functions_8cpp' on page 33 undefined on input line 7
.


LaTeX Warning: Reference `_functions_8h' on page 33 undefined on input line 8.


LaTeX Warning: Reference `_iterators_8cpp' on page 33 undefined on input line 9
.


LaTeX Warning: Reference `_macros_8cpp' on page 33 undefined on input line 10.


LaTeX Warning: Reference `_pointers_8cpp' on page 33 undefined on input line 11
.


LaTeX Warning: Reference `_reference_variables_8cpp' on page 33 undefined on in
put line 12.


LaTeX Warning: Reference `_error_handling_8cpp' on page 33 undefined on input l
ine 13.


LaTeX Warning: Reference `_error_handling_8h' on page 33 undefined on input lin
e 14.


LaTeX Warning: Reference `_exceptions_8cpp' on page 33 undefined on input line 
15.


LaTeX Warning: Reference `_exceptions_8h' on page 33 undefined on input line 16
.


LaTeX Warning: Reference `_testing_exceptions_8cpp' on page 33 undefined on inp
ut line 17.


LaTeX Warning: Reference `_concept_class_8cpp' on page 33 undefined on input li
ne 18.


LaTeX Warning: Reference `constants_8h' on page 33 undefined on input line 19.


LaTeX Warning: Reference `_inheritance_8cpp' on page 33 undefined on input line
 20.


LaTeX Warning: Reference `_inheritance_8h' on page 33 undefined on input line 2
1.


LaTeX Warning: Reference `_sample_class_8cpp' on page 33 undefined on input lin
e 22.


LaTeX Warning: Reference `_sample_class_8h' on page 33 undefined on input line 
23.


LaTeX Warning: Reference `_template_class_8h' on page 33 undefined on input lin
e 24.


LaTeX Warning: Reference `_test_inheritance_8cpp' on page 33 undefined on input
 line 25.


LaTeX Warning: Reference `_test_sample_class_8cpp' on page 33 undefined on inpu
t line 26.


LaTeX Warning: Reference `_test_template_class_8cpp' on page 33 undefined on in
put line 27.


LaTeX Warning: Reference `_timer_8cpp' on page 33 undefined on input line 28.


LaTeX Warning: Reference `_timer_8h' on page 33 undefined on input line 29.


LaTeX Warning: Reference `_s_l___basics_8cpp' on page 33 undefined on input lin
e 30.


LaTeX Warning: Reference `_main_8cpp' on page 33 undefined on input line 31.


LaTeX Warning: Reference `tester_8cpp' on page 33 undefined on input line 32.

) [33] [34

]
Chapter 13.
(./namespaceconstants.tex
LaTeX Font Info:    Font shape `T1/phv/m/n' will be
(Font)              scaled to size 7.19995pt on input line 21.
) [35] [36

]
Chapter 14.
(./class_array.tex

Package hyperref Warning: Token not allowed in a PDF string (Unicode):
(hyperref)                removing `math shift' on input line 1.


Package hyperref Warning: Token not allowed in a PDF string (Unicode):
(hyperref)                removing `math shift' on input line 1.


Package hyperref Warning: Token not allowed in a PDF string (Unicode):
(hyperref)                removing `math shift' on input line 1.


Package hyperref Warning: Token not allowed in a PDF string (Unicode):
(hyperref)                removing `math shift' on input line 1.

LaTeX Font Info:    Font shape `T1/phv/bc/n' will be
(Font)              scaled to size 8.99994pt on input line 37.
LaTeX Font Info:    Font shape `T1/phv/bx/n' in size <8> not available
(Font)              Font shape `T1/phv/b/n' tried instead on input line 62.
LaTeX Font Info:    Font shape `T1/phv/b/n' will be
(Font)              scaled to size 7.19995pt on input line 62.
LaTeX Font Info:    Font shape `T1/pcr/bx/n' in size <8> not available
(Font)              Font shape `T1/pcr/b/n' tried instead on input line 62.
LaTeX Font Info:    Font shape `T1/pcr/m/it' in size <8> not available
(Font)              Font shape `T1/pcr/m/sl' tried instead on input line 64.
[37] [38]) (./class_array_exception.tex <./class_array_exception__inherit__grap
h.pdf

pdfTeX warning: pdflatex (file ./class_array_exception__inherit__graph.pdf): PD
F inclusion: multiple pdfs with page group included in a single page
> <class_array_exception__inherit__graph.pdf, id=641, 163.61125pt x 156.585pt>
File: class_array_exception__inherit__graph.pdf Graphic file (type pdf)
<use class_array_exception__inherit__graph.pdf>
Package pdftex.def Info: class_array_exception__inherit__graph.pdf used on inpu
t line 14.
(pdftex.def)             Requested size: 163.0pt x 155.99922pt.
 <./class_array_exception__coll__graph.pdf

pdfTeX warning: pdflatex (file ./class_array_exception__coll__graph.pdf): PDF i
nclusion: multiple pdfs with page group included in a single page
> <class_array_exception__coll__graph.pdf, id=649, 163.61125pt x 156.585pt>
File: class_array_exception__coll__graph.pdf Graphic file (type pdf)
<use class_array_exception__coll__graph.pdf>
Package pdftex.def Info: class_array_exception__coll__graph.pdf used on input l
ine 24.
(pdftex.def)             Requested size: 163.0pt x 155.99922pt.
[39] [40]) (./class_base.tex [41] <./class_base__inherit__graph.pdf

pdfTeX warning: pdflatex (file ./class_base__inherit__graph.pdf): PDF inclusion
: multiple pdfs with page group included in a single page
> <class_base__inherit__graph.pdf, id=735, 130.4875pt x 156.585pt>
File: class_base__inherit__graph.pdf Graphic file (type pdf)
<use class_base__inherit__graph.pdf>
Package pdftex.def Info: class_base__inherit__graph.pdf used on input line 14.
(pdftex.def)             Requested size: 130.0pt x 156.00162pt.
[42]
LaTeX Font Info:    Font shape `T1/pcr/m/it' in size <7> not available
(Font)              Font shape `T1/pcr/m/sl' tried instead on input line 114.
[43] [44]) (./class_concept_class.tex

Package longtable Warning: Column widths have changed
(longtable)                in table 14.1 on input line 43.

[45]

Package longtable Warning: Column widths have changed
(longtable)                in table 14.2 on input line 69.


Package longtable Warning: Column widths have changed
(longtable)                in table 14.3 on input line 84.

) (./class_derived.tex <./class_derived__inherit__graph.pdf

pdfTeX warning: pdflatex (file ./class_derived__inherit__graph.pdf): PDF inclus
ion: multiple pdfs with page group included in a single page
> <class_derived__inherit__graph.pdf, id=892, 130.4875pt x 156.585pt>
File: class_derived__inherit__graph.pdf Graphic file (type pdf)
<use class_derived__inherit__graph.pdf>
Package pdftex.def Info: class_derived__inherit__graph.pdf used on input line 1
4.
(pdftex.def)             Requested size: 130.0pt x 156.00162pt.
 <./class_derived__coll__graph.pdf

pdfTeX warning: pdflatex (file ./class_derived__coll__graph.pdf): PDF inclusion
: multiple pdfs with page group included in a single page
> <class_derived__coll__graph.pdf, id=900, 130.4875pt x 156.585pt>
File: class_derived__coll__graph.pdf Graphic file (type pdf)
<use class_derived__coll__graph.pdf>
Package pdftex.def Info: class_derived__coll__graph.pdf used on input line 24.
(pdftex.def)             Requested size: 130.0pt x 156.00162pt.

Underfull \vbox (badness 10000) has occurred while \output is active []

[46] [47] <./class_derived_a684a2d0df8738a2ea6f62497776f2e8f_cgraph.pdf>
<class_derived_a684a2d0df8738a2ea6f62497776f2e8f_cgraph.pdf, id=960, 307.1475pt
 x 100.375pt>
File: class_derived_a684a2d0df8738a2ea6f62497776f2e8f_cgraph.pdf Graphic file (
type pdf)
<use class_derived_a684a2d0df8738a2ea6f62497776f2e8f_cgraph.pdf>
Package pdftex.def Info: class_derived_a684a2d0df8738a2ea6f62497776f2e8f_cgraph
.pdf used on input line 118.
(pdftex.def)             Requested size: 306.0pt x 100.00562pt.
) (./class_exceptions.tex [48]) (./class_int_array.tex <./class_int_array_acfd0
56b7a25e0614d2f01e4525a74295_cgraph.pdf>
<class_int_array_acfd056b7a25e0614d2f01e4525a74295_cgraph.pdf, id=1014, 315.177
5pt x 100.375pt>
File: class_int_array_acfd056b7a25e0614d2f01e4525a74295_cgraph.pdf Graphic file
 (type pdf)
<use class_int_array_acfd056b7a25e0614d2f01e4525a74295_cgraph.pdf>
Package pdftex.def Info: class_int_array_acfd056b7a25e0614d2f01e4525a74295_cgra
ph.pdf used on input line 91.
(pdftex.def)             Requested size: 314.0pt x 100.00562pt.
[49]) (./class_sample_class.tex [50] [51] [52] [53]

Package longtable Warning: Column widths have changed
(longtable)                in table 14.5 on input line 206.

[54] [55] [56]) (./class_s_q_r_t.tex [57]) (./class_static_array.tex

Package hyperref Warning: Token not allowed in a PDF string (Unicode):
(hyperref)                removing `math shift' on input line 1.


Package hyperref Warning: Token not allowed in a PDF string (Unicode):
(hyperref)                removing `math shift' on input line 1.


Package hyperref Warning: Token not allowed in a PDF string (Unicode):
(hyperref)                removing `math shift' on input line 1.


Package hyperref Warning: Token not allowed in a PDF string (Unicode):
(hyperref)                removing `math shift' on input line 1.

[58]) (./class_timer.tex [59]) [60]
Chapter 15.
(./_c_make_introduction_8md.tex) (./_markdown_8md.tex) (./structure_8md.tex) (.
/_unit-_tests_8md.tex) (./_concept_class_8h.tex) (./_concept_class_8h_source.te
x) (./_basics_8cpp.tex <./_basics_8cpp__incl.pdf

pdfTeX warning: pdflatex (file ./_basics_8cpp__incl.pdf): PDF inclusion: multip
le pdfs with page group included in a single page
> <_basics_8cpp__incl.pdf, id=1429, 381.425pt x 167.62625pt>
File: _basics_8cpp__incl.pdf Graphic file (type pdf)
<use _basics_8cpp__incl.pdf>
Package pdftex.def Info: _basics_8cpp__incl.pdf used on input line 13.
(pdftex.def)             Requested size: 350.0pt x 153.82155pt.

Underfull \vbox (badness 10000) has occurred while \output is active []

[61

] [62] [63]
Underfull \vbox (badness 10000) has occurred while \output is active []

[64]
Underfull \vbox (badness 10000) has occurred while \output is active []

[65]
Underfull \vbox (badness 10000) has occurred while \output is active []

[66]) (./_basics_8cpp_source.tex [67]
Underfull \vbox (badness 10000) has occurred while \output is active []

[68]
Underfull \vbox (badness 10000) has occurred while \output is active []

[69]) (./_bit_manipulation_8cpp.tex <./_bit_manipulation_8cpp__incl.pdf

pdfTeX warning: pdflatex (file ./_bit_manipulation_8cpp__incl.pdf): PDF inclusi
on: multiple pdfs with page group included in a single page
> <_bit_manipulation_8cpp__incl.pdf, id=1561, 185.69376pt x 167.62625pt>
File: _bit_manipulation_8cpp__incl.pdf Graphic file (type pdf)
<use _bit_manipulation_8cpp__incl.pdf>
Package pdftex.def Info: _bit_manipulation_8cpp__incl.pdf used on input line 9.

(pdftex.def)             Requested size: 185.0pt x 167.00427pt.

Underfull \vbox (badness 10000) has occurred while \output is active []

[70] [71]) (./_bit_manipulation_8cpp_source.tex [72]) (./_command_line_argument
s_8cpp.tex <./_command_line_arguments_8cpp__incl.pdf

pdfTeX warning: pdflatex (file ./_command_line_arguments_8cpp__incl.pdf): PDF i
nclusion: multiple pdfs with page group included in a single page
> <_command_line_arguments_8cpp__incl.pdf, id=1603, 229.85875pt x 167.62625pt>
File: _command_line_arguments_8cpp__incl.pdf Graphic file (type pdf)
<use _command_line_arguments_8cpp__incl.pdf>
Package pdftex.def Info: _command_line_arguments_8cpp__incl.pdf used on input l
ine 9.
(pdftex.def)             Requested size: 229.0pt x 167.0094pt.
[73]) (./_command_line_arguments_8cpp_source.tex) (./_functions_8cpp.tex <./_fu
nctions_8cpp__incl.pdf> <_functions_8cpp__incl.pdf, id=1630, 190.7125pt x 223.8
3624pt>
File: _functions_8cpp__incl.pdf Graphic file (type pdf)
<use _functions_8cpp__incl.pdf>
Package pdftex.def Info: _functions_8cpp__incl.pdf used on input line 9.
(pdftex.def)             Requested size: 190.0pt x 223.00914pt.

Underfull \vbox (badness 10000) has occurred while \output is active []

[74]
LaTeX Font Info:    Font shape `T1/phv/m/n' will be
(Font)              scaled to size 8.09995pt on input line 16.
LaTeX Font Info:    Font shape `T1/phv/m/it' in size <9> not available
(Font)              Font shape `T1/phv/m/sl' tried instead on input line 16.
LaTeX Font Info:    Font shape `T1/phv/m/sl' will be
(Font)              scaled to size 8.09995pt on input line 16.
[75] <./_functions_8cpp_a5efc0d291d6f7ee1784b2c23409adbf5_cgraph.pdf>
<_functions_8cpp_a5efc0d291d6f7ee1784b2c23409adbf5_cgraph.pdf, id=1685, 146.547
5pt x 118.4425pt>
File: _functions_8cpp_a5efc0d291d6f7ee1784b2c23409adbf5_cgraph.pdf Graphic file
 (type pdf)
<use _functions_8cpp_a5efc0d291d6f7ee1784b2c23409adbf5_cgraph.pdf>
Package pdftex.def Info: _functions_8cpp_a5efc0d291d6f7ee1784b2c23409adbf5_cgra
ph.pdf used on input line 77.
(pdftex.def)             Requested size: 146.0pt x 117.9994pt.
[76] [77] <./_functions_8cpp_ae66f6b31b5ad750f1fe042a706a4e3d4_cgraph.pdf

pdfTeX warning: pdflatex (file ./_functions_8cpp_ae66f6b31b5ad750f1fe042a706a4e
3d4_cgraph.pdf): PDF inclusion: multiple pdfs with page group included in a sin
gle page
>
<_functions_8cpp_ae66f6b31b5ad750f1fe042a706a4e3d4_cgraph.pdf, id=1741, 257.963
75pt x 538.01pt>
File: _functions_8cpp_ae66f6b31b5ad750f1fe042a706a4e3d4_cgraph.pdf Graphic file
 (type pdf)
<use _functions_8cpp_ae66f6b31b5ad750f1fe042a706a4e3d4_cgraph.pdf>
Package pdftex.def Info: _functions_8cpp_ae66f6b31b5ad750f1fe042a706a4e3d4_cgra
ph.pdf used on input line 265.
(pdftex.def)             Requested size: 257.0pt x 536.04663pt.

Underfull \vbox (badness 10000) has occurred while \output is active []

[78] [79] [80]) (./_functions_8cpp_source.tex [81]
Underfull \vbox (badness 10000) has occurred while \output is active []

[82]) (./_functions_8h.tex <./_functions_8h__incl.pdf

pdfTeX warning: pdflatex (file ./_functions_8h__incl.pdf): PDF inclusion: multi
ple pdfs with page group included in a single page
> <_functions_8h__incl.pdf, id=1869, 190.7125pt x 167.62625pt>
File: _functions_8h__incl.pdf Graphic file (type pdf)
<use _functions_8h__incl.pdf>
Package pdftex.def Info: _functions_8h__incl.pdf used on input line 10.
(pdftex.def)             Requested size: 190.0pt x 167.00684pt.

Underfull \vbox (badness 10000) has occurred while \output is active []

[83] <./_functions_8h__dep__incl.pdf

pdfTeX warning: pdflatex (file ./_functions_8h__dep__incl.pdf): PDF inclusion: 
multiple pdfs with page group included in a single page
> <_functions_8h__dep__incl.pdf, id=1883, 181.67876pt x 178.6675pt>
File: _functions_8h__dep__incl.pdf Graphic file (type pdf)
<use _functions_8h__dep__incl.pdf>
Package pdftex.def Info: _functions_8h__dep__incl.pdf used on input line 18.
(pdftex.def)             Requested size: 181.0pt x 178.00456pt.
[84] [85] [86] [87] [88] <./_functions_8h_a5efc0d291d6f7ee1784b2c23409adbf5_cgr
aph.pdf

pdfTeX warning: pdflatex (file ./_functions_8h_a5efc0d291d6f7ee1784b2c23409adbf
5_cgraph.pdf): PDF inclusion: multiple pdfs with page group included in a singl
e page
>
<_functions_8h_a5efc0d291d6f7ee1784b2c23409adbf5_cgraph.pdf, id=1988, 248.93pt 
x 118.4425pt>
File: _functions_8h_a5efc0d291d6f7ee1784b2c23409adbf5_cgraph.pdf Graphic file (
type pdf)
<use _functions_8h_a5efc0d291d6f7ee1784b2c23409adbf5_cgraph.pdf>
Package pdftex.def Info: _functions_8h_a5efc0d291d6f7ee1784b2c23409adbf5_cgraph
.pdf used on input line 269.
(pdftex.def)             Requested size: 248.0pt x 118.00302pt.
[89] [90] [91]) (./_functions_8h_source.tex [92]) (./_iterators_8cpp.tex <./_it
erators_8cpp__incl.pdf

pdfTeX warning: pdflatex (file ./_iterators_8cpp__incl.pdf): PDF inclusion: mul
tiple pdfs with page group included in a single page
> <_iterators_8cpp__incl.pdf, id=2080, 325.215pt x 167.62625pt>
File: _iterators_8cpp__incl.pdf Graphic file (type pdf)
<use _iterators_8cpp__incl.pdf>
Package pdftex.def Info: _iterators_8cpp__incl.pdf used on input line 12.
(pdftex.def)             Requested size: 324.0pt x 167.01195pt.
[93]) (./_iterators_8cpp_source.tex [94]) (./_macros_8cpp.tex <./_macros_8cpp__
incl.pdf

pdfTeX warning: pdflatex (file ./_macros_8cpp__incl.pdf): PDF inclusion: multip
le pdfs with page group included in a single page
> <_macros_8cpp__incl.pdf, id=2114, 181.67876pt x 167.62625pt>
File: _macros_8cpp__incl.pdf Graphic file (type pdf)
<use _macros_8cpp__incl.pdf>
Package pdftex.def Info: _macros_8cpp__incl.pdf used on input line 9.
(pdftex.def)             Requested size: 181.0pt x 167.00427pt.

Underfull \vbox (badness 10000) has occurred while \output is active []

[95] [96]) (./_macros_8cpp_source.tex) (./_pointers_8cpp.tex <./_pointers_8cpp_
_incl.pdf> <_pointers_8cpp__incl.pdf, id=2164, 181.67876pt x 167.62625pt>
File: _pointers_8cpp__incl.pdf Graphic file (type pdf)
<use _pointers_8cpp__incl.pdf>
Package pdftex.def Info: _pointers_8cpp__incl.pdf used on input line 9.
(pdftex.def)             Requested size: 181.0pt x 167.00427pt.
[97]
Underfull \hbox (badness 10000) detected at line 33
[][][]
 []


Underfull \hbox (badness 10000) detected at line 38
[][][]
 []


Underfull \hbox (badness 10000) detected at line 41
[][][]
 []


Underfull \hbox (badness 10000) detected at line 44
[][][]
 []


Underfull \hbox (badness 10000) detected at line 47
[][][]
 []


Underfull \hbox (badness 10000) detected at line 52
[][][]
 []


Underfull \hbox (badness 10000) detected at line 55
[][][]
 []


Underfull \hbox (badness 10000) detected at line 58
[][][]
 []


Underfull \hbox (badness 10000) detected at line 61
[][][]
 []


Underfull \hbox (badness 10000) detected at line 64
[][][]
 []


Underfull \hbox (badness 10000) detected at line 67
[][][]
 []

[98]
Underfull \hbox (badness 10000) detected at line 81
[][][]
 []


Underfull \hbox (badness 10000) detected at line 84
[][][]
 []


Package longtable Warning: Column widths have changed
(longtable)                in table 15.1 on input line 93.

 <./inline_mscgraph_1.pdf> <inline_mscgraph_1.pdf, id=2196, 421.575pt x 55.2062
5pt>
File: inline_mscgraph_1.pdf Graphic file (type pdf)
<use inline_mscgraph_1.pdf>
Package pdftex.def Info: inline_mscgraph_1.pdf used on input line 104.
(pdftex.def)             Requested size: 455.25562pt x 59.61679pt.

Package hyperref Warning: Token not allowed in a PDF string (Unicode):
(hyperref)                removing `math shift' on input line 120.


Package hyperref Warning: Token not allowed in a PDF string (Unicode):
(hyperref)                removing `\ast' on input line 120.


Package hyperref Warning: Token not allowed in a PDF string (Unicode):
(hyperref)                removing `math shift' on input line 120.

[99pdfTeX warning (ext4): destination with the same identifier (name{Pointers.c
pp_Pointers}) has been already used, duplicate ignored

\AtBegShi@Output ...ipout \box \AtBeginShipoutBox 
                                                  \fi \fi 
l.130 ...h\)n'}; \textcolor{comment}{// prints 7}}
                                                  ]pdfTeX warning (ext4): desti
nation with the same identifier (name{Pointers.cpp_Pointers}) has been already 
used, duplicate ignored
<to be read again> 
                   \relax 
l.173 \hypertarget{Pointers.cpp_Pointers}{}
                                           \doxyparagraph{Pointers}\label{Po...
[100]) (./_pointers_8cpp_source.tex [101]) (./_reference_variables_8cpp.tex <./
_reference_variables_8cpp__incl.pdf

pdfTeX warning: pdflatex (file ./_reference_variables_8cpp__incl.pdf): PDF incl
usion: multiple pdfs with page group included in a single page
> <_reference_variables_8cpp__incl.pdf, id=2244, 203.76125pt x 167.62625pt>
File: _reference_variables_8cpp__incl.pdf Graphic file (type pdf)
<use _reference_variables_8cpp__incl.pdf>
Package pdftex.def Info: _reference_variables_8cpp__incl.pdf used on input line
 9.
(pdftex.def)             Requested size: 203.0pt x 167.00684pt.

Underfull \vbox (badness 10000) has occurred while \output is active []

[102]) (./_reference_variables_8cpp_source.tex [103]) (./_error_handling_8cpp.t
ex <./_error_handling_8cpp__incl.pdf> <_error_handling_8cpp__incl.pdf, id=2277,
 249.93375pt x 223.83624pt>
File: _error_handling_8cpp__incl.pdf Graphic file (type pdf)
<use _error_handling_8cpp__incl.pdf>
Package pdftex.def Info: _error_handling_8cpp__incl.pdf used on input line 10.
(pdftex.def)             Requested size: 249.0pt x 223.00914pt.
[104]
Underfull \hbox (badness 10000) detected at line 39
[][][]
 []


Underfull \hbox (badness 10000) detected at line 66
[][][]
 []

 <./_error_handling_8cpp_ae66f6b31b5ad750f1fe042a706a4e3d4_cgraph.pdf>
<_error_handling_8cpp_ae66f6b31b5ad750f1fe042a706a4e3d4_cgraph.pdf, id=2312, 26
1.97874pt x 176.66pt>
File: _error_handling_8cpp_ae66f6b31b5ad750f1fe042a706a4e3d4_cgraph.pdf Graphic
 file (type pdf)
<use _error_handling_8cpp_ae66f6b31b5ad750f1fe042a706a4e3d4_cgraph.pdf>
Package pdftex.def Info: _error_handling_8cpp_ae66f6b31b5ad750f1fe042a706a4e3d4
_cgraph.pdf used on input line 116.
(pdftex.def)             Requested size: 261.0pt x 176.00452pt.

Underfull \vbox (badness 10000) has occurred while \output is active []

[105]
Underfull \hbox (badness 10000) detected at line 141
[][][]
 []

[106]
Underfull \hbox (badness 10000) detected at line 165
[][][]
 []

) (./_error_handling_8cpp_source.tex) (./_error_handling_8h.tex <./_error_handl
ing_8h__incl.pdf> <_error_handling_8h__incl.pdf, id=2367, 192.72pt x 167.62625p
t>
File: _error_handling_8h__incl.pdf Graphic file (type pdf)
<use _error_handling_8h__incl.pdf>
Package pdftex.def Info: _error_handling_8h__incl.pdf used on input line 10.
(pdftex.def)             Requested size: 192.0pt x 166.99916pt.

Underfull \vbox (badness 10000) has occurred while \output is active []

[107] <./_error_handling_8h__dep__incl.pdf

pdfTeX warning: pdflatex (file ./_error_handling_8h__dep__incl.pdf): PDF inclus
ion: multiple pdfs with page group included in a single page
> <_error_handling_8h__dep__incl.pdf, id=2388, 178.6675pt x 178.6675pt>
File: _error_handling_8h__dep__incl.pdf Graphic file (type pdf)
<use _error_handling_8h__dep__incl.pdf>
Package pdftex.def Info: _error_handling_8h__dep__incl.pdf used on input line 1
8.
(pdftex.def)             Requested size: 178.0pt x 178.01003pt.
[108]
Underfull \hbox (badness 10000) detected at line 63
[][][]
 []


Underfull \hbox (badness 10000) detected at line 90
[][][]
 []

pdfTeX warning (ext4): destination with the same identifier (name{_error_handli
ng_8h_autotoc_md158}) has been already used, duplicate ignored
<to be read again> 
                   \relax 
l.115 ...arget{_error_handling_8h_autotoc_md158}{}
                                                  \doxysubsection{Error hand...
pdfTeX warning (ext4): destination with the same identifier (name{_error_handli
ng_8h_autotoc_md159}) has been already used, duplicate ignored
<to be read again> 
                   \relax 
l.120 ...arget{_error_handling_8h_autotoc_md159}{}
                                                  \doxysubsubsection{Assert ...
pdfTeX warning (ext4): destination with the same identifier (name{_error_handli
ng_8h_autotoc_md160}) has been already used, duplicate ignored
<to be read again> 
                   \relax 
l.121 ...arget{_error_handling_8h_autotoc_md160}{}
                                                  \doxyparagraph{assert()}\l...
pdfTeX warning (ext4): destination with the same identifier (name{_error_handli
ng_8h_autotoc_md161}) has been already used, duplicate ignored
<to be read again> 
                   \relax 
l.122 ...arget{_error_handling_8h_autotoc_md161}{}
                                                  \doxyparagraph{static\+\_\...
[109]
Underfull \hbox (badness 10000) detected at line 127
[][][]
 []


Underfull \hbox (badness 10000) detected at line 151
[][][]
 []

) (./_error_handling_8h_source.tex) (./_exceptions_8cpp.tex <./_exceptions_8cpp
__incl.pdf

pdfTeX warning: pdflatex (file ./_exceptions_8cpp__incl.pdf): PDF inclusion: mu
ltiple pdfs with page group included in a single page
> <_exceptions_8cpp__incl.pdf, id=2440, 419.5675pt x 223.83624pt>
File: _exceptions_8cpp__incl.pdf Graphic file (type pdf)
<use _exceptions_8cpp__incl.pdf>
Package pdftex.def Info: _exceptions_8cpp__incl.pdf used on input line 9.
(pdftex.def)             Requested size: 350.0pt x 186.72328pt.
) (./_exceptions_8cpp_source.tex
Underfull \vbox (badness 5189) has occurred while \output is active []

[110]) (./_exceptions_8h.tex <./_exceptions_8h__incl.pdf

pdfTeX warning: pdflatex (file ./_exceptions_8h__incl.pdf): PDF inclusion: mult
iple pdfs with page group included in a single page
> <_exceptions_8h__incl.pdf, id=2470, 419.5675pt x 167.62625pt>
File: _exceptions_8h__incl.pdf Graphic file (type pdf)
<use _exceptions_8h__incl.pdf>
Package pdftex.def Info: _exceptions_8h__incl.pdf used on input line 13.
(pdftex.def)             Requested size: 350.0pt x 139.83311pt.

Underfull \vbox (badness 10000) has occurred while \output is active []

[111] <./_exceptions_8h__dep__incl.pdf> <_exceptions_8h__dep__incl.pdf, id=2486
, 317.185pt x 178.6675pt>
File: _exceptions_8h__dep__incl.pdf Graphic file (type pdf)
<use _exceptions_8h__dep__incl.pdf>
Package pdftex.def Info: _exceptions_8h__dep__incl.pdf used on input line 21.
(pdftex.def)             Requested size: 316.0pt x 178.01547pt.
) (./_exceptions_8h_source.tex [112]) (./_testing_exceptions_8cpp.tex <./_testi
ng_exceptions_8cpp__incl.pdf> <_testing_exceptions_8cpp__incl.pdf, id=2528, 418
.56375pt x 223.83624pt>
File: _testing_exceptions_8cpp__incl.pdf Graphic file (type pdf)
<use _testing_exceptions_8cpp__incl.pdf>
Package pdftex.def Info: _testing_exceptions_8cpp__incl.pdf used on input line 
12.
(pdftex.def)             Requested size: 350.0pt x 187.16728pt.
[113] <./_testing_exceptions_8cpp_ae66f6b31b5ad750f1fe042a706a4e3d4_cgraph.pdf>

<_testing_exceptions_8cpp_ae66f6b31b5ad750f1fe042a706a4e3d4_cgraph.pdf, id=2554
, 264.99pt x 138.5175pt>
File: _testing_exceptions_8cpp_ae66f6b31b5ad750f1fe042a706a4e3d4_cgraph.pdf Gra
phic file (type pdf)
<use _testing_exceptions_8cpp_ae66f6b31b5ad750f1fe042a706a4e3d4_cgraph.pdf>
Package pdftex.def Info: _testing_exceptions_8cpp_ae66f6b31b5ad750f1fe042a706a4
e3d4_cgraph.pdf used on input line 120.
(pdftex.def)             Requested size: 264.0pt x 138.00987pt.
) (./_testing_exceptions_8cpp_source.tex
Underfull \vbox (badness 10000) has occurred while \output is active []

[114] [115]) (./_concept_class_8cpp.tex <./_concept_class_8cpp__incl.pdf> <_con
cept_class_8cpp__incl.pdf, id=2584, 257.96375pt x 156.585pt>
File: _concept_class_8cpp__incl.pdf Graphic file (type pdf)
<use _concept_class_8cpp__incl.pdf>
Package pdftex.def Info: _concept_class_8cpp__incl.pdf used on input line 9.
(pdftex.def)             Requested size: 257.0pt x 156.01357pt.
) (./_concept_class_8cpp_source.tex) (./constants_8h.tex [116]) (./constants_8h
_source.tex) (./_inheritance_8cpp.tex <./_inheritance_8cpp__incl.pdf> <_inherit
ance_8cpp__incl.pdf, id=2615, 243.91125pt x 212.795pt>
File: _inheritance_8cpp__incl.pdf Graphic file (type pdf)
<use _inheritance_8cpp__incl.pdf>
Package pdftex.def Info: _inheritance_8cpp__incl.pdf used on input line 9.
(pdftex.def)             Requested size: 243.0pt x 212.0022pt.
) (./_inheritance_8cpp_source.tex [117]) (./_inheritance_8h.tex <./_inheritance
_8h__incl.pdf> <_inheritance_8h__incl.pdf, id=2659, 232.87pt x 156.585pt>
File: _inheritance_8h__incl.pdf Graphic file (type pdf)
<use _inheritance_8h__incl.pdf>
Package pdftex.def Info: _inheritance_8h__incl.pdf used on input line 10.
(pdftex.def)             Requested size: 232.0pt x 156.0064pt.
 <./_inheritance_8h__dep__incl.pdf

pdfTeX warning: pdflatex (file ./_inheritance_8h__dep__incl.pdf): PDF inclusion
: multiple pdfs with page group included in a single page
> <_inheritance_8h__dep__incl.pdf, id=2667, 445.665pt x 156.585pt>
File: _inheritance_8h__dep__incl.pdf Graphic file (type pdf)
<use _inheritance_8h__dep__incl.pdf>
Package pdftex.def Info: _inheritance_8h__dep__incl.pdf used on input line 18.
(pdftex.def)             Requested size: 350.0pt x 122.97444pt.

Underfull \vbox (badness 10000) has occurred while \output is active []

[118]) (./_inheritance_8h_source.tex) (./_sample_class_8cpp.tex <./_sample_clas
s_8cpp__incl.pdf> <_sample_class_8cpp__incl.pdf, id=2709, 253.94875pt x 212.795
pt>
File: _sample_class_8cpp__incl.pdf Graphic file (type pdf)
<use _sample_class_8cpp__incl.pdf>
Package pdftex.def Info: _sample_class_8cpp__incl.pdf used on input line 9.
(pdftex.def)             Requested size: 253.0pt x 212.00868pt.
[119] [120]) (./_sample_class_8cpp_source.tex [121]) (./_sample_class_8h.tex <.
/_sample_class_8h__incl.pdf

pdfTeX warning: pdflatex (file ./_sample_class_8h__incl.pdf): PDF inclusion: mu
ltiple pdfs with page group included in a single page
> <_sample_class_8h__incl.pdf, id=2832, 243.91125pt x 156.585pt>
File: _sample_class_8h__incl.pdf Graphic file (type pdf)
<use _sample_class_8h__incl.pdf>
Package pdftex.def Info: _sample_class_8h__incl.pdf used on input line 9.
(pdftex.def)             Requested size: 243.0pt x 156.00162pt.
 <./_sample_class_8h__dep__incl.pdf

pdfTeX warning: pdflatex (file ./_sample_class_8h__dep__incl.pdf): PDF inclusio
n: multiple pdfs with page group included in a single page
> <_sample_class_8h__dep__incl.pdf, id=2840, 421.575pt x 167.62625pt>
File: _sample_class_8h__dep__incl.pdf Graphic file (type pdf)
<use _sample_class_8h__dep__incl.pdf>
Package pdftex.def Info: _sample_class_8h__dep__incl.pdf used on input line 17.

(pdftex.def)             Requested size: 350.0pt x 139.1681pt.
) (./_sample_class_8h_source.tex [122]) (./_template_class_8h.tex <./_template_
class_8h__incl.pdf> <_template_class_8h__incl.pdf, id=2900, 316.18124pt x 167.6
2625pt>
File: _template_class_8h__incl.pdf Graphic file (type pdf)
<use _template_class_8h__incl.pdf>
Package pdftex.def Info: _template_class_8h__incl.pdf used on input line 11.
(pdftex.def)             Requested size: 315.0pt x 167.01195pt.

Underfull \vbox (badness 10000) has occurred while \output is active []

[123] <./_template_class_8h__dep__incl.pdf

pdfTeX warning: pdflatex (file ./_template_class_8h__dep__incl.pdf): PDF inclus
ion: multiple pdfs with page group included in a single page
> <_template_class_8h__dep__incl.pdf, id=2916, 235.88126pt x 178.6675pt>
File: _template_class_8h__dep__incl.pdf Graphic file (type pdf)
<use _template_class_8h__dep__incl.pdf>
Package pdftex.def Info: _template_class_8h__dep__incl.pdf used on input line 1
9.
(pdftex.def)             Requested size: 235.0pt x 178.00185pt.
) (./_template_class_8h_source.tex [124]) (./_test_inheritance_8cpp.tex <./_tes
t_inheritance_8cpp__incl.pdf> <_test_inheritance_8cpp__incl.pdf, id=2971, 262.9
825pt x 212.795pt>
File: _test_inheritance_8cpp__incl.pdf Graphic file (type pdf)
<use _test_inheritance_8cpp__incl.pdf>
Package pdftex.def Info: _test_inheritance_8cpp__incl.pdf used on input line 10
.
(pdftex.def)             Requested size: 262.0pt x 212.00868pt.
[125] <./_test_inheritance_8cpp_ae66f6b31b5ad750f1fe042a706a4e3d4_cgraph.pdf>
<_test_inheritance_8cpp_ae66f6b31b5ad750f1fe042a706a4e3d4_cgraph.pdf, id=3005, 
221.82875pt x 138.5175pt>
File: _test_inheritance_8cpp_ae66f6b31b5ad750f1fe042a706a4e3d4_cgraph.pdf Graph
ic file (type pdf)
<use _test_inheritance_8cpp_ae66f6b31b5ad750f1fe042a706a4e3d4_cgraph.pdf>
Package pdftex.def Info: _test_inheritance_8cpp_ae66f6b31b5ad750f1fe042a706a4e3
d4_cgraph.pdf used on input line 55.
(pdftex.def)             Requested size: 221.0pt x 137.99931pt.
) (./_test_inheritance_8cpp_source.tex) (./_test_sample_class_8cpp.tex <./_test
_sample_class_8cpp__incl.pdf

pdfTeX warning: pdflatex (file ./_test_sample_class_8cpp__incl.pdf): PDF inclus
ion: multiple pdfs with page group included in a single page
> <_test_sample_class_8cpp__incl.pdf, id=3020, 270.00874pt x 223.83624pt>
File: _test_sample_class_8cpp__incl.pdf Graphic file (type pdf)
<use _test_sample_class_8cpp__incl.pdf>
Package pdftex.def Info: _test_sample_class_8cpp__incl.pdf used on input line 1
1.
(pdftex.def)             Requested size: 269.0pt x 223.00572pt.

Underfull \vbox (badness 3849) has occurred while \output is active []

[126] [127] <./_test_sample_class_8cpp_ae66f6b31b5ad750f1fe042a706a4e3d4_cgraph
.pdf>
<_test_sample_class_8cpp_ae66f6b31b5ad750f1fe042a706a4e3d4_cgraph.pdf, id=3067,
 301.125pt x 226.8475pt>
File: _test_sample_class_8cpp_ae66f6b31b5ad750f1fe042a706a4e3d4_cgraph.pdf Grap
hic file (type pdf)
<use _test_sample_class_8cpp_ae66f6b31b5ad750f1fe042a706a4e3d4_cgraph.pdf>
Package pdftex.def Info: _test_sample_class_8cpp_ae66f6b31b5ad750f1fe042a706a4e
3d4_cgraph.pdf used on input line 102.
(pdftex.def)             Requested size: 300.0pt x 226.01965pt.
) (./_test_sample_class_8cpp_source.tex [128]) (./_test_template_class_8cpp.tex
 <./_test_template_class_8cpp__incl.pdf> <_test_template_class_8cpp__incl.pdf, 
id=3100, 332.24126pt x 223.83624pt>
File: _test_template_class_8cpp__incl.pdf Graphic file (type pdf)
<use _test_template_class_8cpp__incl.pdf>
Package pdftex.def Info: _test_template_class_8cpp__incl.pdf used on input line
 10.
(pdftex.def)             Requested size: 331.0pt x 223.01256pt.
[129] <./_test_template_class_8cpp_ae66f6b31b5ad750f1fe042a706a4e3d4_cgraph.pdf
>
<_test_template_class_8cpp_ae66f6b31b5ad750f1fe042a706a4e3d4_cgraph.pdf, id=312
2, 243.91125pt x 138.5175pt>
File: _test_template_class_8cpp_ae66f6b31b5ad750f1fe042a706a4e3d4_cgraph.pdf Gr
aphic file (type pdf)
<use _test_template_class_8cpp_ae66f6b31b5ad750f1fe042a706a4e3d4_cgraph.pdf>
Package pdftex.def Info: _test_template_class_8cpp_ae66f6b31b5ad750f1fe042a706a
4e3d4_cgraph.pdf used on input line 78.
(pdftex.def)             Requested size: 243.0pt x 138.00142pt.
) (./_test_template_class_8cpp_source.tex [130]) (./_timer_8cpp.tex <./_timer_8
cpp__incl.pdf> <_timer_8cpp__incl.pdf, id=3154, 219.82124pt x 212.795pt>
File: _timer_8cpp__incl.pdf Graphic file (type pdf)
<use _timer_8cpp__incl.pdf>
Package pdftex.def Info: _timer_8cpp__incl.pdf used on input line 9.
(pdftex.def)             Requested size: 219.0pt x 212.00543pt.
) (./_timer_8cpp_source.tex [131]) (./_timer_8h.tex <./_timer_8h__incl.pdf> <_t
imer_8h__incl.pdf, id=3181, 208.78pt x 156.585pt>
File: _timer_8h__incl.pdf Graphic file (type pdf)
<use _timer_8h__incl.pdf>
Package pdftex.def Info: _timer_8h__incl.pdf used on input line 9.
(pdftex.def)             Requested size: 208.0pt x 156.00879pt.
 <./_timer_8h__dep__incl.pdf

pdfTeX warning: pdflatex (file ./_timer_8h__dep__incl.pdf): PDF inclusion: mult
iple pdfs with page group included in a single page
> <_timer_8h__dep__incl.pdf, id=3190, 387.4475pt x 167.62625pt>
File: _timer_8h__dep__incl.pdf Graphic file (type pdf)
<use _timer_8h__dep__incl.pdf>
Package pdftex.def Info: _timer_8h__dep__incl.pdf used on input line 17.
(pdftex.def)             Requested size: 350.0pt x 151.42747pt.
[132]) (./_timer_8h_source.tex) (./_s_l___basics_8cpp.tex <./_s_l___basics_8cpp
__incl.pdf> <_s_l___basics_8cpp__incl.pdf, id=3225, 313.17pt x 167.62625pt>
File: _s_l___basics_8cpp__incl.pdf Graphic file (type pdf)
<use _s_l___basics_8cpp__incl.pdf>
Package pdftex.def Info: _s_l___basics_8cpp__incl.pdf used on input line 12.
(pdftex.def)             Requested size: 312.0pt x 167.00684pt.
[133] [134]) (./_s_l___basics_8cpp_source.tex [135]) (./_r_e_a_d_m_e_8md.tex) (
./_main_8cpp.tex <./_main_8cpp__incl.pdf

pdfTeX warning: pdflatex (file ./_main_8cpp__incl.pdf): PDF inclusion: multiple
 pdfs with page group included in a single page
> <_main_8cpp__incl.pdf, id=3285, 194.7275pt x 156.585pt>
File: _main_8cpp__incl.pdf Graphic file (type pdf)
<use _main_8cpp__incl.pdf>
Package pdftex.def Info: _main_8cpp__incl.pdf used on input line 10.
(pdftex.def)             Requested size: 194.0pt x 156.0064pt.
) (./_main_8cpp_source.tex [136]) (./tester_8cpp.tex <./tester_8cpp__incl.pdf> 
<tester_8cpp__incl.pdf, id=3313, 159.59625pt x 156.585pt>
File: tester_8cpp__incl.pdf Graphic file (type pdf)
<use tester_8cpp__incl.pdf>
Package pdftex.def Info: tester_8cpp__incl.pdf used on input line 9.
(pdftex.def)             Requested size: 159.0pt x 156.00162pt.
) (./tester_8cpp_source.tex) [137] [138

]
No file refman.ind.

Package longtable Warning: Table widths have changed. Rerun LaTeX.

Package atveryend Info: Empty hook `BeforeClearDocument' on input line 303.
Package atveryend Info: Empty hook `AfterLastShipout' on input line 303.
(./refman.aux)
Package atveryend Info: Executing hook `AtVeryEndDocument' on input line 303.
Package atveryend Info: Executing hook `AtEndAfterFileList' on input line 303.

Package rerunfilecheck Warning: File `refman.out' has changed.
(rerunfilecheck)                Rerun to get outlines right
(rerunfilecheck)                or use package `bookmark'.

Package rerunfilecheck Info: Checksums for `refman.out':
(rerunfilecheck)             Before: <no file>
(rerunfilecheck)             After:  7E416E179A4B53B9C86847CE08C012BD;95146.

LaTeX Warning: There were undefined references.


LaTeX Warning: Label(s) may have changed. Rerun to get cross-references right.

 ) 
Here is how much of TeX's memory you used:
 18414 strings out of 493014
 291438 string characters out of 6133351
 339740 words of memory out of 5000000
 20105 multiletter control sequences out of 15000+600000
 71795 words of font info for 100 fonts, out of 8000000 for 9000
 1141 hyphenation exceptions out of 8191
 53i,16n,92p,2061b,629s stack positions out of 5000i,500n,10000p,200000b,80000s
{/usr/local/texlive/2016/texmf-dist/fonts/enc/dvips/base/8r.enc}</usr/local/t
exlive/2016/texmf-dist/fonts/type1/public/amsfonts/cm/cmmi10.pfb></usr/local/te
xlive/2016/texmf-dist/fonts/type1/public/amsfonts/cm/cmmi12.pfb></usr/local/tex
live/2016/texmf-dist/fonts/type1/public/amsfonts/cm/cmmi7.pfb></usr/local/texli
ve/2016/texmf-dist/fonts/type1/public/amsfonts/cm/cmmi8.pfb></usr/local/texlive
/2016/texmf-dist/fonts/type1/public/amsfonts/cm/cmr10.pfb></usr/local/texlive/2
016/texmf-dist/fonts/type1/public/amsfonts/cm/cmr7.pfb></usr/local/texlive/2016
/texmf-dist/fonts/type1/public/amsfonts/cm/cmsy10.pfb></usr/local/texlive/2016/
texmf-dist/fonts/type1/public/amsfonts/cm/cmsy7.pfb></usr/local/texlive/2016/te
xmf-dist/fonts/type1/public/amsfonts/cm/cmsy8.pfb></usr/local/texlive/2016/texm
f-dist/fonts/type1/urw/courier/ucrb8a.pfb></usr/local/texlive/2016/texmf-dist/f
onts/type1/urw/courier/ucrr8a.pfb></usr/local/texlive/2016/texmf-dist/fonts/typ
e1/urw/courier/ucrro8a.pfb></usr/local/texlive/2016/texmf-dist/fonts/type1/urw/
helvetic/uhvb8a.pfb></usr/local/texlive/2016/texmf-dist/fonts/type1/urw/helveti
c/uhvb8ac.pfb></usr/local/texlive/2016/texmf-dist/fonts/type1/urw/helvetic/uhvb
o8a.pfb></usr/local/texlive/2016/texmf-dist/fonts/type1/urw/helvetic/uhvr8a.pfb
></usr/local/texlive/2016/texmf-dist/fonts/type1/urw/helvetic/uhvro8a.pfb>
Output written on refman.pdf (140 pages, 814976 bytes).
PDF statistics:
 3676 PDF objects out of 4296 (max. 8388607)
 3310 compressed objects within 34 object streams
 1320 named destinations out of 1440 (max. 500000)
 256 words of extra memory for PDF output out of 10000 (max. 10000000)

