\BOOKMARK [0][-]{chapter.1}{\376\377\0001\000\040\000C\000+\000+\000\040\000c\000o\000n\000c\000e\000p\000t\000s\000\040\000p\000r\000o\000j\000e\000c\000t}{}% 1
\BOOKMARK [1][-]{section.1.1}{\376\377\0001\000.\0001\000\040\000I\000d\000e\000a}{chapter.1}% 2
\BOOKMARK [1][-]{section.1.2}{\376\377\0001\000.\0002\000\040\000R\000e\000l\000a\000t\000e\000d\000\040\000d\000o\000c\000u\000m\000e\000n\000t\000s}{chapter.1}% 3
\BOOKMARK [1][-]{section.1.3}{\376\377\0001\000.\0003\000\040\000S\000t\000r\000u\000c\000t\000u\000r\000e}{chapter.1}% 4
\BOOKMARK [2][-]{subsection.1.3.1}{\376\377\0001\000.\0003\000.\0001\000\040\000F\000o\000l\000d\000e\000r\000s}{section.1.3}% 5
\BOOKMARK [1][-]{section.1.4}{\376\377\0001\000.\0004\000\040\000C\000o\000n\000t\000e\000n\000t\000\040\000\050\000C\000o\000n\000c\000e\000p\000t\000s\000\051}{chapter.1}% 6
\BOOKMARK [2][-]{subsection.1.4.1}{\376\377\0001\000.\0004\000.\0001\000\040\000P\000r\000o\000g\000r\000a\000m\000m\000i\000n\000g\000\040\000c\000o\000n\000c\000e\000p\000t\000s}{section.1.4}% 7
\BOOKMARK [2][-]{subsection.1.4.2}{\376\377\0001\000.\0004\000.\0002\000\040\000D\000o\000c\000u\000m\000e\000n\000t\000a\000t\000i\000o\000n}{section.1.4}% 8
\BOOKMARK [2][-]{subsection.1.4.3}{\376\377\0001\000.\0004\000.\0003\000\040\000M\000a\000k\000e\000f\000i\000l\000e}{section.1.4}% 9
\BOOKMARK [0][-]{chapter.2}{\376\377\0002\000\040\000M\000a\000r\000k\000d\000o\000w\000n\000\040\000c\000h\000e\000a\000t\000s\000h\000e\000e\000t}{}% 10
\BOOKMARK [1][-]{section.2.1}{\376\377\0002\000.\0001\000\040\000H\000e\000a\000d\000e\000r\000\040\0001}{chapter.2}% 11
\BOOKMARK [2][-]{subsection.2.1.1}{\376\377\0002\000.\0001\000.\0001\000\040\000H\000e\000a\000d\000e\000r\000\040\0002}{section.2.1}% 12
\BOOKMARK [3][-]{subsubsection.2.1.1.1}{\376\377\0002\000.\0001\000.\0001\000.\0001\000\040\000H\000e\000a\000d\000e\000r\000\040\0003}{subsection.2.1.1}% 13
\BOOKMARK [1][-]{section.2.2}{\376\377\0002\000.\0002\000\040\000E\000m\000p\000h\000a\000s\000i\000s}{chapter.2}% 14
\BOOKMARK [1][-]{section.2.3}{\376\377\0002\000.\0003\000\040\000L\000i\000s\000t\000s}{chapter.2}% 15
\BOOKMARK [1][-]{section.2.4}{\376\377\0002\000.\0004\000\040\000L\000i\000n\000k\000s}{chapter.2}% 16
\BOOKMARK [1][-]{section.2.5}{\376\377\0002\000.\0005\000\040\000I\000m\000a\000g\000e\000s}{chapter.2}% 17
\BOOKMARK [1][-]{section.2.6}{\376\377\0002\000.\0006\000\040\000C\000o\000d\000e\000\040\000a\000n\000d\000\040\000S\000y\000n\000t\000a\000x\000\040\000H\000i\000g\000h\000l\000i\000g\000h\000t\000i\000n\000g}{chapter.2}% 18
\BOOKMARK [1][-]{section.2.7}{\376\377\0002\000.\0007\000\040\000T\000a\000b\000l\000e\000s}{chapter.2}% 19
\BOOKMARK [1][-]{section.2.8}{\376\377\0002\000.\0008\000\040\000B\000l\000o\000c\000k\000q\000u\000o\000t\000e\000s}{chapter.2}% 20
\BOOKMARK [1][-]{section.2.9}{\376\377\0002\000.\0009\000\040\000I\000n\000l\000i\000n\000e\000\040\000H\000T\000M\000L}{chapter.2}% 21
\BOOKMARK [1][-]{section.2.10}{\376\377\0002\000.\0001\0000\000\040\000H\000o\000r\000i\000z\000o\000n\000t\000a\000l}{chapter.2}% 22
\BOOKMARK [1][-]{section.2.11}{\376\377\0002\000.\0001\0001\000\040\000Y\000o\000u\000T\000u\000b\000e\000\040\000V\000i\000d\000e\000o\000s}{chapter.2}% 23
\BOOKMARK [0][-]{chapter.3}{\376\377\0003\000\040\000P\000r\000o\000j\000e\000c\000t\000\040\000s\000t\000r\000u\000c\000t\000u\000r\000e}{}% 24
\BOOKMARK [1][-]{section.3.1}{\376\377\0003\000.\0001\000\040\000F\000o\000l\000d\000e\000r\000s}{chapter.3}% 25
\BOOKMARK [1][-]{section.3.2}{\376\377\0003\000.\0002\000\040\000F\000i\000l\000e\000s}{chapter.3}% 26
\BOOKMARK [0][-]{chapter.4}{\376\377\0004\000\040\000U\000n\000i\000t\000-\000T\000e\000s\000t\000s}{}% 27
\BOOKMARK [1][-]{section.4.1}{\376\377\0004\000.\0001\000\040\000I\000n\000t\000e\000g\000r\000a\000t\000e\000d\000\040\000i\000n\000\040\000C\000L\000i\000o\000n}{chapter.4}% 28
\BOOKMARK [2][-]{subsection.4.1.1}{\376\377\0004\000.\0001\000.\0001\000\040\000G\000o\000o\000g\000l\000e\000\040\000T\000e\000s\000t}{section.4.1}% 29
\BOOKMARK [2][-]{subsection.4.1.2}{\376\377\0004\000.\0001\000.\0002\000\040\000C\000a\000t\000c\000h}{section.4.1}% 30
\BOOKMARK [2][-]{subsection.4.1.3}{\376\377\0004\000.\0001\000.\0003\000\040\000B\000o\000o\000s\000t\000.\000T\000e\000s\000t}{section.4.1}% 31
\BOOKMARK [2][-]{subsection.4.1.4}{\376\377\0004\000.\0001\000.\0004\000\040\000D\000o\000c\000t\000e\000s\000t}{section.4.1}% 32
\BOOKMARK [0][-]{chapter.5}{\376\377\0005\000\040\000C\000l\000a\000s\000s\000\040\000I\000n\000d\000e\000x}{}% 33
\BOOKMARK [1][-]{section.5.1}{\376\377\0005\000.\0001\000\040\000C\000l\000a\000s\000s\000\040\000L\000i\000s\000t}{chapter.5}% 34
\BOOKMARK [0][-]{chapter.6}{\376\377\0006\000\040\000F\000i\000l\000e\000\040\000I\000n\000d\000e\000x}{}% 35
\BOOKMARK [1][-]{section.6.1}{\376\377\0006\000.\0001\000\040\000F\000i\000l\000e\000\040\000L\000i\000s\000t}{chapter.6}% 36
\BOOKMARK [0][-]{chapter.7}{\376\377\0007\000\040\000C\000l\000a\000s\000s\000\040\000D\000o\000c\000u\000m\000e\000n\000t\000a\000t\000i\000o\000n}{}% 37
\BOOKMARK [1][-]{section.7.1}{\376\377\0007\000.\0001\000\040\000C\000o\000n\000c\000e\000p\000t\000C\000l\000a\000s\000s\000\040\000C\000l\000a\000s\000s\000\040\000R\000e\000f\000e\000r\000e\000n\000c\000e}{chapter.7}% 38
\BOOKMARK [2][-]{subsection.7.1.1}{\376\377\0007\000.\0001\000.\0001\000\040\000D\000e\000t\000a\000i\000l\000e\000d\000\040\000D\000e\000s\000c\000r\000i\000p\000t\000i\000o\000n}{section.7.1}% 39
\BOOKMARK [2][-]{subsection.7.1.2}{\376\377\0007\000.\0001\000.\0002\000\040\000C\000o\000n\000s\000t\000r\000u\000c\000t\000o\000r\000\040\000\046\000\040\000D\000e\000s\000t\000r\000u\000c\000t\000o\000r\000\040\000D\000o\000c\000u\000m\000e\000n\000t\000a\000t\000i\000o\000n}{section.7.1}% 40
\BOOKMARK [3][-]{subsubsection.7.1.2.1}{\376\377\0007\000.\0001\000.\0002\000.\0001\000\040\000C\000o\000n\000c\000e\000p\000t\000C\000l\000a\000s\000s\000\050\000\051}{subsection.7.1.2}% 41
\BOOKMARK [2][-]{subsection.7.1.3}{\376\377\0007\000.\0001\000.\0003\000\040\000M\000e\000m\000b\000e\000r\000\040\000D\000a\000t\000a\000\040\000D\000o\000c\000u\000m\000e\000n\000t\000a\000t\000i\000o\000n}{section.7.1}% 42
\BOOKMARK [3][-]{subsubsection.7.1.3.1}{\376\377\0007\000.\0001\000.\0003\000.\0001\000\040\000m\000e\000m\000b\000e\000r\000\137\000a}{subsection.7.1.3}% 43
\BOOKMARK [3][-]{subsubsection.7.1.3.2}{\376\377\0007\000.\0001\000.\0003\000.\0002\000\040\000m\000e\000m\000b\000e\000r\000\137\000b}{subsection.7.1.3}% 44
\BOOKMARK [0][-]{chapter.8}{\376\377\0008\000\040\000F\000i\000l\000e\000\040\000D\000o\000c\000u\000m\000e\000n\000t\000a\000t\000i\000o\000n}{}% 45
\BOOKMARK [1][-]{section.8.1}{\376\377\0008\000.\0001\000\040\000d\000o\000c\000u\000m\000e\000n\000t\000s\000/\000M\000a\000r\000k\000d\000o\000w\000n\000.\000m\000d\000\040\000F\000i\000l\000e\000\040\000R\000e\000f\000e\000r\000e\000n\000c\000e}{chapter.8}% 46
\BOOKMARK [1][-]{section.8.2}{\376\377\0008\000.\0002\000\040\000d\000o\000c\000u\000m\000e\000n\000t\000s\000/\000s\000t\000r\000u\000c\000t\000u\000r\000e\000.\000m\000d\000\040\000F\000i\000l\000e\000\040\000R\000e\000f\000e\000r\000e\000n\000c\000e}{chapter.8}% 47
\BOOKMARK [1][-]{section.8.3}{\376\377\0008\000.\0003\000\040\000d\000o\000c\000u\000m\000e\000n\000t\000s\000/\000U\000n\000i\000t\000-\000T\000e\000s\000t\000s\000.\000m\000d\000\040\000F\000i\000l\000e\000\040\000R\000e\000f\000e\000r\000e\000n\000c\000e}{chapter.8}% 48
\BOOKMARK [1][-]{section.8.4}{\376\377\0008\000.\0004\000\040\000i\000n\000c\000l\000u\000d\000e\000/\000C\000o\000n\000c\000e\000p\000t\000C\000l\000a\000s\000s\000.\000h\000\040\000F\000i\000l\000e\000\040\000R\000e\000f\000e\000r\000e\000n\000c\000e}{chapter.8}% 49
\BOOKMARK [1][-]{section.8.5}{\376\377\0008\000.\0005\000\040\000C\000o\000n\000c\000e\000p\000t\000C\000l\000a\000s\000s\000.\000h}{chapter.8}% 50
\BOOKMARK [1][-]{section.8.6}{\376\377\0008\000.\0006\000\040\000R\000E\000A\000D\000M\000E\000.\000m\000d\000\040\000F\000i\000l\000e\000\040\000R\000e\000f\000e\000r\000e\000n\000c\000e}{chapter.8}% 51
\BOOKMARK [1][-]{section.8.7}{\376\377\0008\000.\0007\000\040\000s\000r\000c\000/\000C\000o\000n\000c\000e\000p\000t\000C\000l\000a\000s\000s\000.\000c\000p\000p\000\040\000F\000i\000l\000e\000\040\000R\000e\000f\000e\000r\000e\000n\000c\000e}{chapter.8}% 52
\BOOKMARK [1][-]{section.8.8}{\376\377\0008\000.\0008\000\040\000C\000o\000n\000c\000e\000p\000t\000C\000l\000a\000s\000s\000.\000c\000p\000p}{chapter.8}% 53
\BOOKMARK [1][-]{section.8.9}{\376\377\0008\000.\0009\000\040\000s\000r\000c\000/\000M\000a\000i\000n\000.\000c\000p\000p\000\040\000F\000i\000l\000e\000\040\000R\000e\000f\000e\000r\000e\000n\000c\000e}{chapter.8}% 54
\BOOKMARK [2][-]{subsection.8.9.1}{\376\377\0008\000.\0009\000.\0001\000\040\000F\000u\000n\000c\000t\000i\000o\000n\000\040\000D\000o\000c\000u\000m\000e\000n\000t\000a\000t\000i\000o\000n}{section.8.9}% 55
\BOOKMARK [3][-]{subsubsection.8.9.1.1}{\376\377\0008\000.\0009\000.\0001\000.\0001\000\040\000m\000a\000i\000n\000\050\000\051}{subsection.8.9.1}% 56
\BOOKMARK [1][-]{section.8.10}{\376\377\0008\000.\0001\0000\000\040\000M\000a\000i\000n\000.\000c\000p\000p}{chapter.8}% 57
\BOOKMARK [1][-]{section.8.11}{\376\377\0008\000.\0001\0001\000\040\000t\000e\000s\000t\000/\000t\000e\000s\000t\000e\000r\000.\000c\000p\000p\000\040\000F\000i\000l\000e\000\040\000R\000e\000f\000e\000r\000e\000n\000c\000e}{chapter.8}% 58
\BOOKMARK [2][-]{subsection.8.11.1}{\376\377\0008\000.\0001\0001\000.\0001\000\040\000F\000u\000n\000c\000t\000i\000o\000n\000\040\000D\000o\000c\000u\000m\000e\000n\000t\000a\000t\000i\000o\000n}{section.8.11}% 59
\BOOKMARK [3][-]{subsubsection.8.11.1.1}{\376\377\0008\000.\0001\0001\000.\0001\000.\0001\000\040\000m\000a\000i\000n\000\050\000\051}{subsection.8.11.1}% 60
\BOOKMARK [1][-]{section.8.12}{\376\377\0008\000.\0001\0002\000\040\000t\000e\000s\000t\000e\000r\000.\000c\000p\000p}{chapter.8}% 61
