warning: Tag 'SYMBOL_CACHE_SIZE' at line 325 of file './doc/Doxyfile' has become obsolete.
         To avoid this warning please remove this line from your configuration file or upgrade it using "doxygen -u"
warning: Tag 'SHOW_DIRECTORIES' at line 534 of file './doc/Doxyfile' has become obsolete.
         To avoid this warning please remove this line from your configuration file or upgrade it using "doxygen -u"
warning: Tag 'HTML_ALIGN_MEMBERS' at line 928 of file './doc/Doxyfile' has become obsolete.
         To avoid this warning please remove this line from your configuration file or upgrade it using "doxygen -u"
warning: Tag 'USE_INLINE_TREES' at line 1115 of file './doc/Doxyfile' has become obsolete.
         To avoid this warning please remove this line from your configuration file or upgrade it using "doxygen -u"
warning: Tag 'XML_SCHEMA' at line 1378 of file './doc/Doxyfile' has become obsolete.
         To avoid this warning please remove this line from your configuration file or upgrade it using "doxygen -u"
warning: Tag 'XML_DTD' at line 1384 of file './doc/Doxyfile' has become obsolete.
         To avoid this warning please remove this line from your configuration file or upgrade it using "doxygen -u"
warning: Tag 'PERL_PATH' at line 1549 of file './doc/Doxyfile' has become obsolete.
         To avoid this warning please remove this line from your configuration file or upgrade it using "doxygen -u"
warning: Tag 'MSCGEN_PATH' at line 1570 of file './doc/Doxyfile' has become obsolete.
         To avoid this warning please remove this line from your configuration file or upgrade it using "doxygen -u"
warning: ignoring unknown tag 'Borderliner' at line 1765, file ./doc/Doxyfile
/Users/Michi/Desktop/Cpp_template_project/include/ConceptClass.h:4: warning: missing argument after '\class'.
/Users/Michi/Desktop/Cpp_template_project/src/Pointers.cpp:120: warning: multiple use of section label 'Pointers' while adding section, (first occurrence: /Users/Michi/Desktop/Cpp_template_project/src/Pointers.cpp, line 89)
/Users/Michi/Desktop/Cpp_template_project/src/Pointers.cpp:189: warning: multiple use of section label 'Pointers' while adding section, (first occurrence: /Users/Michi/Desktop/Cpp_template_project/src/Pointers.cpp, line 89)
Doxygen version used: 1.8.20
Searching for include files...
Searching for example files...
Searching for images...
Searching for dot files...
Searching for msc files...
Searching for dia files...
Searching for files to exclude
Searching INPUT for files to process...
Searching for files in directory /Users/Michi/Desktop/Cpp_template_project
Searching for files in directory /Users/Michi/Desktop/Cpp_template_project/bin
Searching for files in directory /Users/Michi/Desktop/Cpp_template_project/build
Searching for files in directory /Users/Michi/Desktop/Cpp_template_project/doc
Searching for files in directory /Users/Michi/Desktop/Cpp_template_project/documents
Searching for files in directory /Users/Michi/Desktop/Cpp_template_project/doxygen-theme
Searching for files in directory /Users/Michi/Desktop/Cpp_template_project/ideas
Searching for files in directory /Users/Michi/Desktop/Cpp_template_project/include
Searching for files in directory /Users/Michi/Desktop/Cpp_template_project/lib
Searching for files in directory /Users/Michi/Desktop/Cpp_template_project/resources
Searching for files in directory /Users/Michi/Desktop/Cpp_template_project/src
Searching for files in directory /Users/Michi/Desktop/Cpp_template_project/test
Searching for files in directory /Users/Michi/Desktop/Cpp_template_project/src
Searching for files in directory /Users/Michi/Desktop/Cpp_template_project/include
Searching for files in directory /Users/Michi/Desktop/Cpp_template_project/documents
Reading and parsing tag files
Parsing files
Reading /Users/Michi/Desktop/Cpp_template_project/README.md...
Reading /Users/Michi/Desktop/Cpp_template_project/documents/CMakeIntroduction.md...
Reading /Users/Michi/Desktop/Cpp_template_project/documents/Markdown.md...
Reading /Users/Michi/Desktop/Cpp_template_project/documents/structure.md...
Reading /Users/Michi/Desktop/Cpp_template_project/documents/Unit-Tests.md...
Preprocessing /Users/Michi/Desktop/Cpp_template_project/include/ConceptClass.h...
Parsing file /Users/Michi/Desktop/Cpp_template_project/include/ConceptClass.h...
Preprocessing /Users/Michi/Desktop/Cpp_template_project/src/Basics.cpp...
Parsing file /Users/Michi/Desktop/Cpp_template_project/src/Basics.cpp...
Preprocessing /Users/Michi/Desktop/Cpp_template_project/src/BitManipulation.cpp...
Parsing file /Users/Michi/Desktop/Cpp_template_project/src/BitManipulation.cpp...
Preprocessing /Users/Michi/Desktop/Cpp_template_project/src/ConceptClass.cpp...
Parsing file /Users/Michi/Desktop/Cpp_template_project/src/ConceptClass.cpp...
Preprocessing /Users/Michi/Desktop/Cpp_template_project/src/constants.h...
Parsing file /Users/Michi/Desktop/Cpp_template_project/src/constants.h...
Preprocessing /Users/Michi/Desktop/Cpp_template_project/src/Iterators.cpp...
Parsing file /Users/Michi/Desktop/Cpp_template_project/src/Iterators.cpp...
Preprocessing /Users/Michi/Desktop/Cpp_template_project/src/Macros.cpp...
Parsing file /Users/Michi/Desktop/Cpp_template_project/src/Macros.cpp...
Preprocessing /Users/Michi/Desktop/Cpp_template_project/src/Main.cpp...
Parsing file /Users/Michi/Desktop/Cpp_template_project/src/Main.cpp...
Preprocessing /Users/Michi/Desktop/Cpp_template_project/src/Pointers.cpp...
Parsing file /Users/Michi/Desktop/Cpp_template_project/src/Pointers.cpp...
Preprocessing /Users/Michi/Desktop/Cpp_template_project/src/ReferenceVariables.cpp...
Parsing file /Users/Michi/Desktop/Cpp_template_project/src/ReferenceVariables.cpp...
Preprocessing /Users/Michi/Desktop/Cpp_template_project/src/SL_Basics.cpp...
Parsing file /Users/Michi/Desktop/Cpp_template_project/src/SL_Basics.cpp...
Preprocessing /Users/Michi/Desktop/Cpp_template_project/test/tester.cpp...
Parsing file /Users/Michi/Desktop/Cpp_template_project/test/tester.cpp...
Building macro definition list...
Building group list...
Building directory list...
Building namespace list...
Building file list...
Building class list...
Computing nesting relations for classes...
Associating documentation with classes...
Building example list...
Searching for enumerations...
Searching for documented typedefs...
Searc<unknown>:63: warning: unable to resolve reference to 'Receiver::Command()' for \ref command
<unknown>:63: warning: unable to resolve reference to 'Ack()' for \ref command
/Users/Michi/Desktop/Cpp_template_project/src/Pointers.cpp:82: warning: found subsection command (id: 'ssec1') outside of section context!
/Users/Michi/Desktop/Cpp_template_project/documents/Markdown.md:174: warning: explicit link request to 'bugID' could not be resolved
hing for members imported via using declarations...
Searching for included using directives...
Searching for documented variables...
Building interface member list...
Building member list...
Searching for friends...
Searching for documented defines...
Computing class inheritance relations...
Computing class usage relations...
Flushing cached template relations that have become invalid...
Computing class relations...
Add enum values to enums...
Searching for member function documentation...
Creating members for template instances...
Building page list...
Search for main page...
Computing page relations...
Determining the scope of groups...
Sorting lists...
Determining which enums are documented
Computing member relations...
Building full member lists recursively...
Adding members to member groups.
Computing member references...
Inheriting documentation...
Generating disk names...
Adding source references...
Adding xrefitems...
Sorting member lists...
Setting anonymous enum type...
Computing dependencies between directories...
Generating citations page...
Counting members...
Counting data structures...
Resolving user defined references...
Finding anchors and sections in the documentation...
Transferring function references...
Combining using relations...
Adding members to index pages...
Correcting members for VHDL...
Generating style sheet...
Generating search indices...
Generating images for formulas in HTML...
Generating image form_0.png for formula
Generating example documentation...
Generating file sources...
Parsing code for file documents/CMakeIntroduction.md...
Parsing code for file documents/Markdown.md...
Parsing code for file documents/structure.md...
Parsing code for file documents/Unit-Tests.md...
Generating code for file include/ConceptClass.h...
Parsing code for file README.md...
Generating code for file src/Basics.cpp...
Generating code for file src/BitManipulation.cpp...
Generating code for file src/ConceptClass.cpp...
Generating code for file src/constants.h...
Generating code for file src/Iterators.cpp...
Generating code for file src/Macros.cpp...
Generating code for file src/Main.cpp...
Generating code for file src/Pointers.cpp...
Generating code for file src/ReferenceVariables.cpp...
Generating code for file src/SL_Basics.cpp...
Generating code for file test/tester.cpp...
Generating file documentation...
Generating docs for file documents/CMakeIntroduction.md...
Generating docs for file documents/Markdown.md...
Generating docs for file documents/structure.md...
Generating docs for file documents/Unit-Tests.md...
Generating docs for file include/ConceptClass.h...
Generating docs for file README.md...
Generating docs for file src/Basics.cpp...
Generating docs for file src/BitManipulation.cpp...
Generating docs for file src/ConceptClass.cpp...
Generating docs for file src/constants.h...
Generating docs for file src/Iterators.cpp...
Generating docs for file src/Macros.cpp...
Generating docs for file src/Main.cpp...
Generating docs for file src/Pointers.cpp...
Generating docs for file src/ReferenceVariables.cpp...
Generating docs for file src/SL_Basics.cpp...
Generating docs for file test/tester.cpp...
Generating page documentation...
Generating docs for page md_documents_CMakeIntroduction...
Generating docs for page md_documents_Markdown...
Generating docs for page md_documents_structure...
Generating docs for page md_documents_Unit-Tests...
Generating docs for page bug...
Generating docs for page todo...
Generating docs for page test...
Generating group documentation...
Generating class documentation...
Generating docs for compound ConceptClass...
Generating namespace index...
Generating docs for namespace constants
Generating graph info page...
Generating directory documentation...
Generating dependency graph for directory src
Generating index page...
Generating page index...
Generating module index...
Generating namespace index...
Generating namespace member index...
Generating annotated compound index...
Generating alphabetical compound index...
Generating hierarchical class index...
Generating graphical class hierarchy...
Generating member index...
Generating file index...
Generating file member index...
Generating example index...
finalizing index lists...
writing tag file...
Running plantuml with JAVA...
Running dot...
Generating dot graphs using 5 parallel threads...
Running dot for graph 1/25
Running dot for graph 2/25
Running dot for graph 3/25
Running dot for graph 4/25
Running dot for graph 5/25
Running dot for graph 6/25
Running dot for graph 7/25
Running dot for graph 8/25
Running dot for graph 9/25
Running dot for graph 10/25
Running dot for graph 11/25
Running dot for graph 12/25
Running dot for graph 13/25
Running dot for graph 14/25
Running dot for graph 15/25
Running dot for graph 16/25
Running dot for graph 17/25
Running dot for graph 18/25
Running dot for graph 19/25
Running dot for graph 20/25
Running dot for graph 21/25
Running dot for graph 22/25
Running dot for graph 23/25
Running dot for graph 24/25
Running dot for graph 25/25
Patching output file 1/24
Patching output file 2/24
Patching output file 3/24
Patching output file 4/24
Patching output file 5/24
Patching output file 6/24
Patching output file 7/24
Patching output file 8/24
Patching output file 9/24
Patching output file 10/24
Patching output file 11/24
Patching output file 12/24
Patching output file 13/24
Patching output file 14/24
Patching output file 15/24
Patching output file 16/24
Patching output file 17/24
Patching output file 18/24
Patching output file 19/24
Patching output file 20/24
Patching output file 21/24
Patching output file 22/24
Patching output file 23/24
Patching output file 24/24
lookup cache used 21/65536 hits=62 misses=21
finished...
